Using pre-set license
Built from '2020.3/staging' branch; Version is '2020.3.35f1 (18e4db7a9996) revision 1631451'; Using compiler version '192528614'; Build Type 'Release'
OS: 'Windows 10  (10.0.17763) 64bit EnterpriseS' Language: 'en' Physical Memory: 16253 MB
BatchMode: 1, IsHumanControllingUs: 0, StartBugReporterOnCrash: 0, Is64bit: 1, IsPro: 0

COMMAND LINE ARGUMENTS:
C:\Program Files\Unity\Hub\Editor\2020.3.35f1\Editor\Unity.exe
-adb2
-batchMode
-noUpm
-name
AssetImportWorker0
-projectPath
D:/Git Repositories/Fly-Through/FlyThrough
-logFile
Logs/AssetImportWorker0.log
-srvPort
60660
Successfully changed project path to: D:/Git Repositories/Fly-Through/FlyThrough
D:/Git Repositories/Fly-Through/FlyThrough
Using Asset Import Pipeline V2.
Refreshing native plugins compatible for Editor in 67.36 ms, found 2 plugins.
Preloading 0 native plugins for Editor in 0.00 ms.
Initialize engine version: 2020.3.35f1 (18e4db7a9996)
[Subsystems] Discovering subsystems at path C:/Program Files/Unity/Hub/Editor/2020.3.35f1/Editor/Data/Resources/UnitySubsystems
[Subsystems] Discovering subsystems at path D:/Git Repositories/Fly-Through/FlyThrough/Assets
GfxDevice: creating device client; threaded=0
Direct3D:
    Version:  Direct3D 11.0 [level 11.0]
    Renderer: NVIDIA GeForce GT 730 (ID=0x1287)
    Vendor:   
    VRAM:     2007 MB
    Driver:   27.21.14.5671
Initialize mono
Mono path[0] = 'C:/Program Files/Unity/Hub/Editor/2020.3.35f1/Editor/Data/Managed'
Mono path[1] = 'C:/Program Files/Unity/Hub/Editor/2020.3.35f1/Editor/Data/MonoBleedingEdge/lib/mono/unityjit'
Mono config path = 'C:/Program Files/Unity/Hub/Editor/2020.3.35f1/Editor/Data/MonoBleedingEdge/etc'
Using monoOptions --debugger-agent=transport=dt_socket,embedding=1,server=y,suspend=n,address=127.0.0.1:56660
Begin MonoManager ReloadAssembly
Registering precompiled unity dll's ...
Register platform support module: C:/Program Files/Unity/Hub/Editor/2020.3.35f1/Editor/Data/PlaybackEngines/WindowsStandaloneSupport/UnityEditor.WindowsStandalone.Extensions.dll
Registered in 0.001297 seconds.
Native extension for WindowsStandalone target not found
Refreshing native plugins compatible for Editor in 66.99 ms, found 2 plugins.
Preloading 0 native plugins for Editor in 0.00 ms.
Mono: successfully reloaded assembly
- Completed reload, in  0.553 seconds
Domain Reload Profiling:
	ReloadAssembly (554ms)
		BeginReloadAssembly (54ms)
			ExecutionOrderSort (0ms)
			DisableScriptedObjects (0ms)
			BackupInstance (0ms)
			ReleaseScriptingObjects (0ms)
			CreateAndSetChildDomain (1ms)
		EndReloadAssembly (436ms)
			LoadAssemblies (52ms)
			RebuildTransferFunctionScriptingTraits (0ms)
			SetupTypeCache (128ms)
			ReleaseScriptCaches (0ms)
			RebuildScriptCaches (28ms)
			SetupLoadedEditorAssemblies (177ms)
				LogAssemblyErrors (0ms)
				InitializePlatformSupportModulesInManaged (4ms)
				SetLoadedEditorAssemblies (0ms)
				RefreshPlugins (67ms)
				BeforeProcessingInitializeOnLoad (11ms)
				ProcessInitializeOnLoadAttributes (70ms)
				ProcessInitializeOnLoadMethodAttributes (24ms)
				AfterProcessingInitializeOnLoad (0ms)
				EditorAssembliesLoaded (0ms)
			ExecutionOrderSort2 (0ms)
			AwakeInstancesAfterBackupRestoration (0ms)
Platform modules already initialized, skipping
Registering precompiled user dll's ...
Registered in 0.003769 seconds.
Begin MonoManager ReloadAssembly
Native extension for WindowsStandalone target not found
Refreshing native plugins compatible for Editor in 74.81 ms, found 2 plugins.
Preloading 0 native plugins for Editor in 0.00 ms.
Mono: successfully reloaded assembly
- Completed reload, in  1.112 seconds
Domain Reload Profiling:
	ReloadAssembly (1113ms)
		BeginReloadAssembly (132ms)
			ExecutionOrderSort (0ms)
			DisableScriptedObjects (4ms)
			BackupInstance (0ms)
			ReleaseScriptingObjects (0ms)
			CreateAndSetChildDomain (17ms)
		EndReloadAssembly (926ms)
			LoadAssemblies (88ms)
			RebuildTransferFunctionScriptingTraits (0ms)
			SetupTypeCache (304ms)
			ReleaseScriptCaches (1ms)
			RebuildScriptCaches (53ms)
			SetupLoadedEditorAssemblies (386ms)
				LogAssemblyErrors (0ms)
				InitializePlatformSupportModulesInManaged (3ms)
				SetLoadedEditorAssemblies (0ms)
				RefreshPlugins (75ms)
				BeforeProcessingInitializeOnLoad (88ms)
				ProcessInitializeOnLoadAttributes (202ms)
				ProcessInitializeOnLoadMethodAttributes (12ms)
				AfterProcessingInitializeOnLoad (6ms)
				EditorAssembliesLoaded (0ms)
			ExecutionOrderSort2 (0ms)
			AwakeInstancesAfterBackupRestoration (2ms)
Platform modules already initialized, skipping
========================================================================
Worker process is ready to serve import requests
Launched and connected shader compiler UnityShaderCompiler.exe after 0.04 seconds
Refreshing native plugins compatible for Editor in 0.99 ms, found 2 plugins.
Preloading 0 native plugins for Editor in 0.00 ms.
Unloading 3626 Unused Serialized files (Serialized files now loaded: 0)
System memory in use before: 165.6 MB.
System memory in use after: 163.9 MB.

Unloading 39 unused Assets to reduce memory usage. Loaded Objects now: 4067.
Total: 4.209300 ms (FindLiveObjects: 0.268700 ms CreateObjectMapping: 0.159500 ms MarkObjects: 2.630500 ms  DeleteObjects: 1.149800 ms)

AssetImportParameters requested are different than current active one (requested -> active):
  custom:framework-win-MediaFoundation: 216162199b28c13a410421893ffa2e32 -> 
  custom:video-decoder-ogg-theora: a1e56fd34408186e4bbccfd4996cb3dc -> 
  custom:container-muxer-webm: aa71ff27fc2769a1b78a27578f13a17b -> 
  custom:container-demuxer-webm: 4f35f7cbe854078d1ac9338744f61a02 -> 
  custom:container-demuxer-ogg: 62fdf1f143b41e24485cea50d1cbac27 -> 
  custom:video-encoder-webm-vp8: eb34c28f22e8b96e1ab97ce403110664 -> 
  custom:video-decoder-webm-vp8: 9c59270c3fd7afecdb556c50c9e8de78 -> 
  custom:audio-decoder-ogg-vorbis: bf7c407c2cedff20999df2af8eb42d56 -> 
  custom:audio-encoder-webm-vorbis: bf7c407c2cedff20999df2af8eb42d56 -> 
========================================================================
Received Import Request.
  path: Assets/_Assets/Animations/Plane 3/Spit Fighter.fbx
  artifactKey: Guid(c5cd4d95366a4a6409f2e3f55e1f99d3) Importer(815301076,1909f56bfc062723c751e8b465ee728b)
Start importing Assets/_Assets/Animations/Plane 3/Spit Fighter.fbx using Guid(c5cd4d95366a4a6409f2e3f55e1f99d3) Importer(815301076,1909f56bfc062723c751e8b465ee728b)  -> (artifact id: 'a9954517b0d49da07e69f8c8473d6eba') in 0.327875 seconds 
========================================================================
Received Import Request.
  Time since last request: 11.824288 seconds.
  path: Assets/_Assets/Assets/Spit Fighter
  artifactKey: Guid(872041c822c24b8489511b324df001d8) Importer(815301076,1909f56bfc062723c751e8b465ee728b)
Start importing Assets/_Assets/Assets/Spit Fighter using Guid(872041c822c24b8489511b324df001d8) Importer(815301076,1909f56bfc062723c751e8b465ee728b)  -> (artifact id: 'e5b197b0162342620e5bb6adc4a293d4') in 0.001555 seconds 
========================================================================
Received Import Request.
  Time since last request: 13.992900 seconds.
  path: Assets/_Assets/Assets/Spit Fighter/Spit Fighter.fbx
  artifactKey: Guid(c5cd4d95366a4a6409f2e3f55e1f99d3) Importer(815301076,1909f56bfc062723c751e8b465ee728b)
Start importing Assets/_Assets/Assets/Spit Fighter/Spit Fighter.fbx using Guid(c5cd4d95366a4a6409f2e3f55e1f99d3) Importer(815301076,1909f56bfc062723c751e8b465ee728b)  -> (artifact id: 'ed118955004748f00728f07c4b094391') in 0.014107 seconds 
========================================================================
Received Import Request.
  Time since last request: 529.592331 seconds.
  path: Assets/_Assets/Assets/Spit Fighter/Spit Fighter.fbx
  artifactKey: Guid(c5cd4d95366a4a6409f2e3f55e1f99d3) Importer(815301076,1909f56bfc062723c751e8b465ee728b)
Start importing Assets/_Assets/Assets/Spit Fighter/Spit Fighter.fbx using Guid(c5cd4d95366a4a6409f2e3f55e1f99d3) Importer(815301076,1909f56bfc062723c751e8b465ee728b)  -> (artifact id: 'f15b79e0fad4ff0dd5ad7f89ab53f74a') in 0.233154 seconds 
========================================================================
Received Import Request.
  Time since last request: 68.624855 seconds.
  path: Assets/_Assets/Assets/Spit Fighter/Spit Fighter.fbx
  artifactKey: Guid(c5cd4d95366a4a6409f2e3f55e1f99d3) Importer(815301076,1909f56bfc062723c751e8b465ee728b)
Start importing Assets/_Assets/Assets/Spit Fighter/Spit Fighter.fbx using Guid(c5cd4d95366a4a6409f2e3f55e1f99d3) Importer(815301076,1909f56bfc062723c751e8b465ee728b)  -> (artifact id: 'c973a80aab13fb865f58a62256095000') in 0.012195 seconds 
========================================================================
Received Import Request.
  Time since last request: 14.389400 seconds.
  path: Assets/_Assets/Assets/Spit Fighter/Spit Fighter.fbx
  artifactKey: Guid(c5cd4d95366a4a6409f2e3f55e1f99d3) Importer(815301076,1909f56bfc062723c751e8b465ee728b)
Start importing Assets/_Assets/Assets/Spit Fighter/Spit Fighter.fbx using Guid(c5cd4d95366a4a6409f2e3f55e1f99d3) Importer(815301076,1909f56bfc062723c751e8b465ee728b)  -> (artifact id: 'f079293a1c9f1ef0d07dafa8bf499d9b') in 0.012448 seconds 
========================================================================
Received Import Request.
  Time since last request: 11.074219 seconds.
  path: Assets/_Assets/Assets/Spit Fighter/Spit Fighter.fbx
  artifactKey: Guid(c5cd4d95366a4a6409f2e3f55e1f99d3) Importer(815301076,1909f56bfc062723c751e8b465ee728b)
Start importing Assets/_Assets/Assets/Spit Fighter/Spit Fighter.fbx using Guid(c5cd4d95366a4a6409f2e3f55e1f99d3) Importer(815301076,1909f56bfc062723c751e8b465ee728b)  -> (artifact id: '4884268d255b13a669e04df08ff5ebdc') in 0.013179 seconds 
========================================================================
Received Import Request.
  Time since last request: 68.120328 seconds.
  path: Assets/_Assets/Assets/Spit Fighter/Sketchfab_2021_04_09_22_18_14.fbx
  artifactKey: Guid(0576b618b772ae44895483b845edc896) Importer(815301076,1909f56bfc062723c751e8b465ee728b)
Start importing Assets/_Assets/Assets/Spit Fighter/Sketchfab_2021_04_09_22_18_14.fbx using Guid(0576b618b772ae44895483b845edc896) Importer(815301076,1909f56bfc062723c751e8b465ee728b)  -> (artifact id: '18537f93a83d6fc6f99a2ab058998811') in 0.045764 seconds 
========================================================================
Received Import Request.
  Time since last request: 4.859289 seconds.
  path: Assets/_Assets/Assets/Spit Fighter/Sketchfab_2021_04_09_22_18_14.fbx
  artifactKey: Guid(0576b618b772ae44895483b845edc896) Importer(815301076,1909f56bfc062723c751e8b465ee728b)
Start importing Assets/_Assets/Assets/Spit Fighter/Sketchfab_2021_04_09_22_18_14.fbx using Guid(0576b618b772ae44895483b845edc896) Importer(815301076,1909f56bfc062723c751e8b465ee728b)  -> (artifact id: '80c52b1f7ad9b38a6dd0c3fa93102153') in 0.040604 seconds 
========================================================================
Received Import Request.
  Time since last request: 3.350818 seconds.
  path: Assets/_Assets/Assets/Spit Fighter/Sketchfab_2021_04_09_22_18_14.fbx
  artifactKey: Guid(0576b618b772ae44895483b845edc896) Importer(815301076,1909f56bfc062723c751e8b465ee728b)
Start importing Assets/_Assets/Assets/Spit Fighter/Sketchfab_2021_04_09_22_18_14.fbx using Guid(0576b618b772ae44895483b845edc896) Importer(815301076,1909f56bfc062723c751e8b465ee728b)  -> (artifact id: '45e2701c6a8493515be5be3f096e8ca0') in 0.046914 seconds 
========================================================================
Received Import Request.
  Time since last request: 6.573348 seconds.
  path: Assets/_Assets/Assets/Spit Fighter/Sketchfab_2021_04_09_22_18_14.fbx
  artifactKey: Guid(0576b618b772ae44895483b845edc896) Importer(815301076,1909f56bfc062723c751e8b465ee728b)
Start importing Assets/_Assets/Assets/Spit Fighter/Sketchfab_2021_04_09_22_18_14.fbx using Guid(0576b618b772ae44895483b845edc896) Importer(815301076,1909f56bfc062723c751e8b465ee728b)  -> (artifact id: '511a16e57930f1523e04e28a8aae1a0a') in 0.035430 seconds 
========================================================================
Received Import Request.
  Time since last request: 31.624707 seconds.
  path: Assets/_Assets/Prefabs/Planes/pf_Spit Fighter.prefab
  artifactKey: Guid(62656c4ab63950f49812a0e6cdbe6889) Importer(815301076,1909f56bfc062723c751e8b465ee728b)
Start importing Assets/_Assets/Prefabs/Planes/pf_Spit Fighter.prefab using Guid(62656c4ab63950f49812a0e6cdbe6889) Importer(815301076,1909f56bfc062723c751e8b465ee728b)  -> (artifact id: 'a3a8a4e29bbbd76620efc503efae4b44') in 0.239147 seconds 
========================================================================
Received Import Request.
  Time since last request: 8.655641 seconds.
  path: Packages/com.unity.render-pipelines.universal/Runtime/Materials/ParticlesUnlit.mat
  artifactKey: Guid(e823cd5b5d27c0f4b8256e7c12ee3e6d) Importer(815301076,1909f56bfc062723c751e8b465ee728b)
Start importing Packages/com.unity.render-pipelines.universal/Runtime/Materials/ParticlesUnlit.mat using Guid(e823cd5b5d27c0f4b8256e7c12ee3e6d) Importer(815301076,1909f56bfc062723c751e8b465ee728b)  -> (artifact id: 'a6d3bac30e0c3da08768836858914317') in 0.135213 seconds 
========================================================================
Received Import Request.
  Time since last request: 42.195727 seconds.
  path: Assets/_Assets/Prefabs/Planes/pf_A7 FighterPlane.prefab
  artifactKey: Guid(23c7662680f90b140998c610a99bd433) Importer(815301076,1909f56bfc062723c751e8b465ee728b)
Start importing Assets/_Assets/Prefabs/Planes/pf_A7 FighterPlane.prefab using Guid(23c7662680f90b140998c610a99bd433) Importer(815301076,1909f56bfc062723c751e8b465ee728b)  -> (artifact id: '3ff343cc5341247be539e26a2ff7fdbf') in 0.168389 seconds 
========================================================================
Received Prepare
Registering precompiled user dll's ...
Registered in 0.035780 seconds.
Begin MonoManager ReloadAssembly
Native extension for WindowsStandalone target not found
Refreshing native plugins compatible for Editor in 0.74 ms, found 2 plugins.
Preloading 0 native plugins for Editor in 0.00 ms.
Mono: successfully reloaded assembly
- Completed reload, in  1.076 seconds
Domain Reload Profiling:
	ReloadAssembly (1076ms)
		BeginReloadAssembly (124ms)
			ExecutionOrderSort (0ms)
			DisableScriptedObjects (5ms)
			BackupInstance (0ms)
			ReleaseScriptingObjects (0ms)
			CreateAndSetChildDomain (36ms)
		EndReloadAssembly (898ms)
			LoadAssemblies (88ms)
			RebuildTransferFunctionScriptingTraits (0ms)
			SetupTypeCache (280ms)
			ReleaseScriptCaches (1ms)
			RebuildScriptCaches (43ms)
			SetupLoadedEditorAssemblies (314ms)
				LogAssemblyErrors (0ms)
				InitializePlatformSupportModulesInManaged (3ms)
				SetLoadedEditorAssemblies (0ms)
				RefreshPlugins (1ms)
				BeforeProcessingInitializeOnLoad (85ms)
				ProcessInitializeOnLoadAttributes (205ms)
				ProcessInitializeOnLoadMethodAttributes (14ms)
				AfterProcessingInitializeOnLoad (6ms)
				EditorAssembliesLoaded (0ms)
			ExecutionOrderSort2 (0ms)
			AwakeInstancesAfterBackupRestoration (11ms)
Platform modules already initialized, skipping
Switching build target platform(19) subTarget(0) extendedPlatform(0) -> platform(13) subTarget(537395200) extendedPlatform(0)
Refreshing native plugins compatible for Editor in 1.19 ms, found 2 plugins.
Preloading 0 native plugins for Editor in 0.00 ms.
Unloading 3460 Unused Serialized files (Serialized files now loaded: 0)
System memory in use before: 158.3 MB.
System memory in use after: 156.6 MB.

Unloading 36 unused Assets to reduce memory usage. Loaded Objects now: 4151.
Total: 4.300900 ms (FindLiveObjects: 0.274600 ms CreateObjectMapping: 0.148600 ms MarkObjects: 2.722800 ms  DeleteObjects: 1.154100 ms)

AssetImportParameters requested are different than current active one (requested -> active):
  custom:framework-win-MediaFoundation: 216162199b28c13a410421893ffa2e32 -> 
  custom:video-decoder-ogg-theora: a1e56fd34408186e4bbccfd4996cb3dc -> 
  custom:container-muxer-webm: aa71ff27fc2769a1b78a27578f13a17b -> 
  custom:container-demuxer-webm: 4f35f7cbe854078d1ac9338744f61a02 -> 
  custom:container-demuxer-ogg: 62fdf1f143b41e24485cea50d1cbac27 -> 
  custom:video-encoder-webm-vp8: eb34c28f22e8b96e1ab97ce403110664 -> 
  custom:video-decoder-webm-vp8: 9c59270c3fd7afecdb556c50c9e8de78 -> 
  custom:audio-decoder-ogg-vorbis: bf7c407c2cedff20999df2af8eb42d56 -> 
  custom:audio-encoder-webm-vorbis: bf7c407c2cedff20999df2af8eb42d56 -> 
========================================================================
Received Import Request.
  Time since last request: 237.200975 seconds.
  path: Assets/_Assets/Assets/LowPolyPlane/LowPolyPlane01.FBX
  artifactKey: Guid(fd05ae879cce40c43a685abcc86384c4) Importer(815301076,1909f56bfc062723c751e8b465ee728b)
Start importing Assets/_Assets/Assets/LowPolyPlane/LowPolyPlane01.FBX using Guid(fd05ae879cce40c43a685abcc86384c4) Importer(815301076,1909f56bfc062723c751e8b465ee728b)  -> (artifact id: '7a30ab13625a4a454b5553f88ed491c0') in 0.370596 seconds 
========================================================================
Received Import Request.
  Time since last request: 1.831866 seconds.
  path: Assets/_Assets/Assets/LowPolyPlane/Textures/Plane_diffuse.png
  artifactKey: Guid(e39bc726a3235a04e9b97f80d2cd18fe) Importer(815301076,1909f56bfc062723c751e8b465ee728b)
Start importing Assets/_Assets/Assets/LowPolyPlane/Textures/Plane_diffuse.png using Guid(e39bc726a3235a04e9b97f80d2cd18fe) Importer(815301076,1909f56bfc062723c751e8b465ee728b)  -> (artifact id: 'bb747ea8c1b9833f1442f8fbb2e58441') in 0.026224 seconds 
========================================================================
Received Import Request.
  Time since last request: 5.096537 seconds.
  path: Assets/_Assets/Prefabs/Planes/pf_Spit Fighter.prefab
  artifactKey: Guid(62656c4ab63950f49812a0e6cdbe6889) Importer(815301076,1909f56bfc062723c751e8b465ee728b)
Start importing Assets/_Assets/Prefabs/Planes/pf_Spit Fighter.prefab using Guid(62656c4ab63950f49812a0e6cdbe6889) Importer(815301076,1909f56bfc062723c751e8b465ee728b)  -> (artifact id: '625c9f1fa4727741c26a356168f00f37') in 0.018073 seconds 
========================================================================
Received Import Request.
  Time since last request: 240.611986 seconds.
  path: Assets/_Assets/Prefabs/Planes/pf_A7 FighterPlane.prefab
  artifactKey: Guid(23c7662680f90b140998c610a99bd433) Importer(815301076,1909f56bfc062723c751e8b465ee728b)
Start importing Assets/_Assets/Prefabs/Planes/pf_A7 FighterPlane.prefab using Guid(23c7662680f90b140998c610a99bd433) Importer(815301076,1909f56bfc062723c751e8b465ee728b)  -> (artifact id: '1a17b8d24b4947aee528fdb6f5aec49a') in 0.044860 seconds 
========================================================================
Received Import Request.
  Time since last request: 68.567577 seconds.
  path: Assets/_Assets/Prefabs/Planes/pf_A7 FighterPlane.prefab
  artifactKey: Guid(23c7662680f90b140998c610a99bd433) Importer(815301076,1909f56bfc062723c751e8b465ee728b)
Start importing Assets/_Assets/Prefabs/Planes/pf_A7 FighterPlane.prefab using Guid(23c7662680f90b140998c610a99bd433) Importer(815301076,1909f56bfc062723c751e8b465ee728b)  -> (artifact id: '2827baaca677e6c8742f89e47c307665') in 0.050009 seconds 
========================================================================
Received Import Request.
  Time since last request: 7.146329 seconds.
  path: Assets/_Assets/Prefabs/Planes/pf_Spit Fighter.prefab
  artifactKey: Guid(62656c4ab63950f49812a0e6cdbe6889) Importer(815301076,1909f56bfc062723c751e8b465ee728b)
Start importing Assets/_Assets/Prefabs/Planes/pf_Spit Fighter.prefab using Guid(62656c4ab63950f49812a0e6cdbe6889) Importer(815301076,1909f56bfc062723c751e8b465ee728b)  -> (artifact id: 'cf20303c6a66fc06466a7a58378db1f2') in 0.009584 seconds 
========================================================================
Received Prepare
Registering precompiled user dll's ...
Registered in 0.003504 seconds.
Begin MonoManager ReloadAssembly
Native extension for WindowsStandalone target not found
Refreshing native plugins compatible for Editor in 0.74 ms, found 2 plugins.
Preloading 0 native plugins for Editor in 0.00 ms.
Mono: successfully reloaded assembly
- Completed reload, in  0.980 seconds
Domain Reload Profiling:
	ReloadAssembly (980ms)
		BeginReloadAssembly (123ms)
			ExecutionOrderSort (0ms)
			DisableScriptedObjects (5ms)
			BackupInstance (0ms)
			ReleaseScriptingObjects (0ms)
			CreateAndSetChildDomain (39ms)
		EndReloadAssembly (805ms)
			LoadAssemblies (86ms)
			RebuildTransferFunctionScriptingTraits (0ms)
			SetupTypeCache (273ms)
			ReleaseScriptCaches (1ms)
			RebuildScriptCaches (42ms)
			SetupLoadedEditorAssemblies (280ms)
				LogAssemblyErrors (0ms)
				InitializePlatformSupportModulesInManaged (3ms)
				SetLoadedEditorAssemblies (0ms)
				RefreshPlugins (1ms)
				BeforeProcessingInitializeOnLoad (83ms)
				ProcessInitializeOnLoadAttributes (174ms)
				ProcessInitializeOnLoadMethodAttributes (12ms)
				AfterProcessingInitializeOnLoad (6ms)
				EditorAssembliesLoaded (0ms)
			ExecutionOrderSort2 (0ms)
			AwakeInstancesAfterBackupRestoration (9ms)
Platform modules already initialized, skipping
Switching build target platform(19) subTarget(0) extendedPlatform(0) -> platform(13) subTarget(537395200) extendedPlatform(0)
Refreshing native plugins compatible for Editor in 0.76 ms, found 2 plugins.
Preloading 0 native plugins for Editor in 0.00 ms.
Unloading 3460 Unused Serialized files (Serialized files now loaded: 0)
System memory in use before: 158.6 MB.
System memory in use after: 156.8 MB.

Unloading 36 unused Assets to reduce memory usage. Loaded Objects now: 4192.
Total: 4.618400 ms (FindLiveObjects: 0.368900 ms CreateObjectMapping: 0.169200 ms MarkObjects: 2.805500 ms  DeleteObjects: 1.274100 ms)

AssetImportParameters requested are different than current active one (requested -> active):
  custom:framework-win-MediaFoundation: 216162199b28c13a410421893ffa2e32 -> 
  custom:video-decoder-ogg-theora: a1e56fd34408186e4bbccfd4996cb3dc -> 
  custom:container-muxer-webm: aa71ff27fc2769a1b78a27578f13a17b -> 
  custom:container-demuxer-webm: 4f35f7cbe854078d1ac9338744f61a02 -> 
  custom:container-demuxer-ogg: 62fdf1f143b41e24485cea50d1cbac27 -> 
  custom:video-encoder-webm-vp8: eb34c28f22e8b96e1ab97ce403110664 -> 
  custom:video-decoder-webm-vp8: 9c59270c3fd7afecdb556c50c9e8de78 -> 
  custom:audio-decoder-ogg-vorbis: bf7c407c2cedff20999df2af8eb42d56 -> 
  custom:audio-encoder-webm-vorbis: bf7c407c2cedff20999df2af8eb42d56 -> 
========================================================================
Received Import Request.
  Time since last request: 125.647385 seconds.
  path: Assets/_Assets/Prefabs/Planes/pf_A7 FighterPlane.prefab
  artifactKey: Guid(23c7662680f90b140998c610a99bd433) Importer(815301076,1909f56bfc062723c751e8b465ee728b)
Start importing Assets/_Assets/Prefabs/Planes/pf_A7 FighterPlane.prefab using Guid(23c7662680f90b140998c610a99bd433) Importer(815301076,1909f56bfc062723c751e8b465ee728b)  -> (artifact id: '48d0e2e08e342f1c113eb5fda6050dfa') in 0.157694 seconds 
========================================================================
Received Import Request.
  Time since last request: 4.468999 seconds.
  path: Assets/_Assets/Prefabs/Planes/pf_Spit Fighter.prefab
  artifactKey: Guid(62656c4ab63950f49812a0e6cdbe6889) Importer(815301076,1909f56bfc062723c751e8b465ee728b)
Start importing Assets/_Assets/Prefabs/Planes/pf_Spit Fighter.prefab using Guid(62656c4ab63950f49812a0e6cdbe6889) Importer(815301076,1909f56bfc062723c751e8b465ee728b)  -> (artifact id: '6720f0b4641c83a57fc33f833974496d') in 0.021235 seconds 
========================================================================
Received Import Request.
  Time since last request: 4.902853 seconds.
  path: Assets/_Assets/Prefabs/Planes/pf_War Plane.prefab
  artifactKey: Guid(afb20180c13007d4eb54107590c7921d) Importer(815301076,1909f56bfc062723c751e8b465ee728b)
Start importing Assets/_Assets/Prefabs/Planes/pf_War Plane.prefab using Guid(afb20180c13007d4eb54107590c7921d) Importer(815301076,1909f56bfc062723c751e8b465ee728b)  -> (artifact id: '691f16ffc9603db894d880dbca04e101') in 0.038982 seconds 
========================================================================
Received Prepare
Registering precompiled user dll's ...
Registered in 0.003671 seconds.
Begin MonoManager ReloadAssembly
Native extension for WindowsStandalone target not found
Refreshing native plugins compatible for Editor in 0.75 ms, found 2 plugins.
Preloading 0 native plugins for Editor in 0.00 ms.
Mono: successfully reloaded assembly
- Completed reload, in  0.989 seconds
Domain Reload Profiling:
	ReloadAssembly (990ms)
		BeginReloadAssembly (113ms)
			ExecutionOrderSort (0ms)
			DisableScriptedObjects (5ms)
			BackupInstance (0ms)
			ReleaseScriptingObjects (0ms)
			CreateAndSetChildDomain (33ms)
		EndReloadAssembly (823ms)
			LoadAssemblies (89ms)
			RebuildTransferFunctionScriptingTraits (0ms)
			SetupTypeCache (273ms)
			ReleaseScriptCaches (1ms)
			RebuildScriptCaches (42ms)
			SetupLoadedEditorAssemblies (283ms)
				LogAssemblyErrors (0ms)
				InitializePlatformSupportModulesInManaged (3ms)
				SetLoadedEditorAssemblies (0ms)
				RefreshPlugins (1ms)
				BeforeProcessingInitializeOnLoad (83ms)
				ProcessInitializeOnLoadAttributes (175ms)
				ProcessInitializeOnLoadMethodAttributes (13ms)
				AfterProcessingInitializeOnLoad (7ms)
				EditorAssembliesLoaded (0ms)
			ExecutionOrderSort2 (0ms)
			AwakeInstancesAfterBackupRestoration (10ms)
Platform modules already initialized, skipping
Switching build target platform(19) subTarget(0) extendedPlatform(0) -> platform(13) subTarget(537395200) extendedPlatform(0)
Refreshing native plugins compatible for Editor in 0.81 ms, found 2 plugins.
Preloading 0 native plugins for Editor in 0.00 ms.
Unloading 3460 Unused Serialized files (Serialized files now loaded: 0)
System memory in use before: 158.7 MB.
System memory in use after: 157.0 MB.

Unloading 36 unused Assets to reduce memory usage. Loaded Objects now: 4231.
Total: 4.373700 ms (FindLiveObjects: 0.329500 ms CreateObjectMapping: 0.185800 ms MarkObjects: 2.605600 ms  DeleteObjects: 1.252200 ms)

AssetImportParameters requested are different than current active one (requested -> active):
  custom:framework-win-MediaFoundation: 216162199b28c13a410421893ffa2e32 -> 
  custom:video-decoder-ogg-theora: a1e56fd34408186e4bbccfd4996cb3dc -> 
  custom:container-muxer-webm: aa71ff27fc2769a1b78a27578f13a17b -> 
  custom:container-demuxer-webm: 4f35f7cbe854078d1ac9338744f61a02 -> 
  custom:container-demuxer-ogg: 62fdf1f143b41e24485cea50d1cbac27 -> 
  custom:video-encoder-webm-vp8: eb34c28f22e8b96e1ab97ce403110664 -> 
  custom:video-decoder-webm-vp8: 9c59270c3fd7afecdb556c50c9e8de78 -> 
  custom:audio-decoder-ogg-vorbis: bf7c407c2cedff20999df2af8eb42d56 -> 
  custom:audio-encoder-webm-vorbis: bf7c407c2cedff20999df2af8eb42d56 -> 
========================================================================
Received Import Request.
  Time since last request: 101.351189 seconds.
  path: Assets/_Assets/Animations/Plane 3/JetEngine.shadergraph
  artifactKey: Guid(8119c86427cc6e146ad5b27560e878fa) Importer(815301076,1909f56bfc062723c751e8b465ee728b)
Start importing Assets/_Assets/Animations/Plane 3/JetEngine.shadergraph using Guid(8119c86427cc6e146ad5b27560e878fa) Importer(815301076,1909f56bfc062723c751e8b465ee728b)  -> (artifact id: 'e697f6cd013b31e69a99e27707b9ea0a') in 0.017314 seconds 
========================================================================
Received Import Request.
  Time since last request: 103.961028 seconds.
  path: Assets/_Assets/Animations/Plane 3/JetEngine.shadergraph
  artifactKey: Guid(8119c86427cc6e146ad5b27560e878fa) Importer(815301076,1909f56bfc062723c751e8b465ee728b)
Start importing Assets/_Assets/Animations/Plane 3/JetEngine.shadergraph using Guid(8119c86427cc6e146ad5b27560e878fa) Importer(815301076,1909f56bfc062723c751e8b465ee728b)  -> (artifact id: '916d1f65f811a616153587ab43bd434a') in 0.002398 seconds 
========================================================================
Received Import Request.
  Time since last request: 10.169363 seconds.
  path: Assets/Joystick Pack/Sprites/All Axis Backgrounds/AllAxis_Outline.png
  artifactKey: Guid(5b56d9fa0e8bd6e409ed188db38a692c) Importer(815301076,1909f56bfc062723c751e8b465ee728b)
Start importing Assets/Joystick Pack/Sprites/All Axis Backgrounds/AllAxis_Outline.png using Guid(5b56d9fa0e8bd6e409ed188db38a692c) Importer(815301076,1909f56bfc062723c751e8b465ee728b)  -> (artifact id: '1bf7d8895e6704198c0e5e7c78253284') in 0.083552 seconds 
========================================================================
Received Import Request.
  Time since last request: 0.000219 seconds.
  path: Assets/FREE Skyboxes - Terrestrial/SBS Terra 4/Medium/Textures/Back_Terra 4 Medium.png
  artifactKey: Guid(40bbe88cc9042764aa688c94084ede07) Importer(815301076,1909f56bfc062723c751e8b465ee728b)
Start importing Assets/FREE Skyboxes - Terrestrial/SBS Terra 4/Medium/Textures/Back_Terra 4 Medium.png using Guid(40bbe88cc9042764aa688c94084ede07) Importer(815301076,1909f56bfc062723c751e8b465ee728b)  -> (artifact id: 'd371014c86cdf756e0dc475083dbbb34') in 0.189887 seconds 
========================================================================
Received Import Request.
  Time since last request: 0.000179 seconds.
  path: Assets/Demigiant/DemiLib/Core/Editor/Imgs/blackSquareAlpha80.png
  artifactKey: Guid(595b166389c8db546a199430284ebc9b) Importer(815301076,1909f56bfc062723c751e8b465ee728b)
Start importing Assets/Demigiant/DemiLib/Core/Editor/Imgs/blackSquareAlpha80.png using Guid(595b166389c8db546a199430284ebc9b) Importer(815301076,1909f56bfc062723c751e8b465ee728b)  -> (artifact id: 'b03e1392402687abf9dc43f0a18b030b') in 0.048154 seconds 
========================================================================
Received Import Request.
  Time since last request: 0.000149 seconds.
  path: Assets/Effects/Textures/Emoticons/angry.png
  artifactKey: Guid(827643247c5396045ab168f4d32a7e92) Importer(815301076,1909f56bfc062723c751e8b465ee728b)
Start importing Assets/Effects/Textures/Emoticons/angry.png using Guid(827643247c5396045ab168f4d32a7e92) Importer(815301076,1909f56bfc062723c751e8b465ee728b)  -> (artifact id: '811ad9ff577aa07558a6f7a2c2531487') in 0.085033 seconds 
========================================================================
Received Import Request.
  Time since last request: 0.000147 seconds.
  path: Assets/BOXOPHOBIC/Utils/Editor/Resources/Boxophobic - CategoryBegin.psd
  artifactKey: Guid(97ec2262fb592f94a9569e156ea65d7b) Importer(815301076,1909f56bfc062723c751e8b465ee728b)
Start importing Assets/BOXOPHOBIC/Utils/Editor/Resources/Boxophobic - CategoryBegin.psd using Guid(97ec2262fb592f94a9569e156ea65d7b) Importer(815301076,1909f56bfc062723c751e8b465ee728b)  -> (artifact id: '307b79203bbe62c089c22c6bdd7c5be8') in 0.037752 seconds 
========================================================================
Received Import Request.
  Time since last request: 0.000152 seconds.
  path: Assets/FREE Skyboxes - Terrestrial/SBS Terra 3/Large/Textures/Back_Terra 3 Large.png
  artifactKey: Guid(7204f04f9e64f3c439474a5b4dba9ebc) Importer(815301076,1909f56bfc062723c751e8b465ee728b)
Start importing Assets/FREE Skyboxes - Terrestrial/SBS Terra 3/Large/Textures/Back_Terra 3 Large.png using Guid(7204f04f9e64f3c439474a5b4dba9ebc) Importer(815301076,1909f56bfc062723c751e8b465ee728b)  -> (artifact id: '80984b945b167d5285fa7e54fae91a89') in 0.536022 seconds 
========================================================================
Received Import Request.
  Time since last request: 0.000147 seconds.
  path: Assets/FREE Skyboxes - Terrestrial/SBS Terra 4/Large/Textures/Back_Terra 4 Large.png
  artifactKey: Guid(407829ef3d87323428121b27c581e627) Importer(815301076,1909f56bfc062723c751e8b465ee728b)
Start importing Assets/FREE Skyboxes - Terrestrial/SBS Terra 4/Large/Textures/Back_Terra 4 Large.png using Guid(407829ef3d87323428121b27c581e627) Importer(815301076,1909f56bfc062723c751e8b465ee728b)  -> (artifact id: '907dab2a134e7fc238c58f4804db7982') in 0.474160 seconds 
========================================================================
Received Import Request.
  Time since last request: 0.000359 seconds.
  path: Assets/FREE Skyboxes - Terrestrial/SBS Terra 2/Large/Textures/Back_Terra 2 Large.png
  artifactKey: Guid(3917063720d9db44791cb2ee8ceff285) Importer(815301076,1909f56bfc062723c751e8b465ee728b)
Start importing Assets/FREE Skyboxes - Terrestrial/SBS Terra 2/Large/Textures/Back_Terra 2 Large.png using Guid(3917063720d9db44791cb2ee8ceff285) Importer(815301076,1909f56bfc062723c751e8b465ee728b)  -> (artifact id: 'c36d906aa252f6b5a1971587f2fb94b1') in 0.592749 seconds 
========================================================================
Received Import Request.
  Time since last request: 0.000292 seconds.
  path: Assets/FREE Skyboxes - Terrestrial/SBS Terra 1/Large/Textures/Back_Terra 1 Large.png
  artifactKey: Guid(9686d3a0b1eac98489e4f232a7c78489) Importer(815301076,1909f56bfc062723c751e8b465ee728b)
Start importing Assets/FREE Skyboxes - Terrestrial/SBS Terra 1/Large/Textures/Back_Terra 1 Large.png using Guid(9686d3a0b1eac98489e4f232a7c78489) Importer(815301076,1909f56bfc062723c751e8b465ee728b)  -> (artifact id: '243d294476072cdd297cd887c246aa37') in 0.470871 seconds 
========================================================================
Received Import Request.
  Time since last request: 0.000285 seconds.
  path: Assets/FREE Skyboxes - Terrestrial/SBS Terra 4/Small/Textures/Back_Terra 4 Small.png
  artifactKey: Guid(eaff0863bf3773249994eba37ff3666c) Importer(815301076,1909f56bfc062723c751e8b465ee728b)
Start importing Assets/FREE Skyboxes - Terrestrial/SBS Terra 4/Small/Textures/Back_Terra 4 Small.png using Guid(eaff0863bf3773249994eba37ff3666c) Importer(815301076,1909f56bfc062723c751e8b465ee728b)  -> (artifact id: '0e2f05ac883bae71b9a90a9c3043d6af') in 0.070067 seconds 
========================================================================
Received Import Request.
  Time since last request: 0.000300 seconds.
  path: Assets/FREE Skyboxes - Terrestrial/SBS Terra 5/Large/Textures/Back_Terra 5 Large.png
  artifactKey: Guid(89d90504769337149b4bb6e8ebf482c9) Importer(815301076,1909f56bfc062723c751e8b465ee728b)
Start importing Assets/FREE Skyboxes - Terrestrial/SBS Terra 5/Large/Textures/Back_Terra 5 Large.png using Guid(89d90504769337149b4bb6e8ebf482c9) Importer(815301076,1909f56bfc062723c751e8b465ee728b)  -> (artifact id: '1ce4ceffd44bac4434f7b2c015033f67') in 0.605465 seconds 
========================================================================
Received Import Request.
  Time since last request: 0.000236 seconds.
  path: Assets/FREE Skyboxes - Terrestrial/SBS Terra 1/Small/Textures/Back_Terra 1 Small.png
  artifactKey: Guid(81f077a0dccfab9498cefdc7585228da) Importer(815301076,1909f56bfc062723c751e8b465ee728b)
Start importing Assets/FREE Skyboxes - Terrestrial/SBS Terra 1/Small/Textures/Back_Terra 1 Small.png using Guid(81f077a0dccfab9498cefdc7585228da) Importer(815301076,1909f56bfc062723c751e8b465ee728b)  -> (artifact id: '110573c858f229da97cf25128c30f843') in 0.099779 seconds 
========================================================================
Received Import Request.
  Time since last request: 0.000261 seconds.
  path: Assets/Demigiant/DemiLib/Core/Editor/Imgs/blackSquareAlpha50.png
  artifactKey: Guid(aa1d42dc6ff3e894da2208c6929d2165) Importer(815301076,1909f56bfc062723c751e8b465ee728b)
Start importing Assets/Demigiant/DemiLib/Core/Editor/Imgs/blackSquareAlpha50.png using Guid(aa1d42dc6ff3e894da2208c6929d2165) Importer(815301076,1909f56bfc062723c751e8b465ee728b)  -> (artifact id: '9dbe21ae7e4c127e06da31d3659203e5') in 0.023902 seconds 
========================================================================
Received Import Request.
  Time since last request: 0.000312 seconds.
  path: Assets/FREE Skyboxes - Terrestrial/SBS Terra 3/Medium/Textures/Back_Terra 3 Medium.png
  artifactKey: Guid(f71dea1eb9f3e164b8abc39ca2fb9560) Importer(815301076,1909f56bfc062723c751e8b465ee728b)
Start importing Assets/FREE Skyboxes - Terrestrial/SBS Terra 3/Medium/Textures/Back_Terra 3 Medium.png using Guid(f71dea1eb9f3e164b8abc39ca2fb9560) Importer(815301076,1909f56bfc062723c751e8b465ee728b)  -> (artifact id: 'd05723e7486b7d5af377368c0b2f224d') in 0.242508 seconds 
========================================================================
Received Import Request.
  Time since last request: 0.000304 seconds.
  path: Assets/Demigiant/DemiLib/Core/Editor/Imgs/squareBorderCurved_darkBordersAlpha.png
  artifactKey: Guid(f536c51d3da3f2e4ca93ac8773ec2ad8) Importer(815301076,1909f56bfc062723c751e8b465ee728b)
Start importing Assets/Demigiant/DemiLib/Core/Editor/Imgs/squareBorderCurved_darkBordersAlpha.png using Guid(f536c51d3da3f2e4ca93ac8773ec2ad8) Importer(815301076,1909f56bfc062723c751e8b465ee728b)  -> (artifact id: '4d5f035caa6a09048c9a5eedb2fc0553') in 0.024647 seconds 
========================================================================
Received Import Request.
  Time since last request: 0.000150 seconds.
  path: Assets/Demigiant/DemiLib/Core/Editor/Imgs/project/ico_folder.png
  artifactKey: Guid(4f2c4b43188596b47866d41e1dc13c8a) Importer(815301076,1909f56bfc062723c751e8b465ee728b)
Start importing Assets/Demigiant/DemiLib/Core/Editor/Imgs/project/ico_folder.png using Guid(4f2c4b43188596b47866d41e1dc13c8a) Importer(815301076,1909f56bfc062723c751e8b465ee728b)  -> (artifact id: 'afa70f4caeea604f0e3d516031088d5f') in 0.024373 seconds 
========================================================================
Received Import Request.
  Time since last request: 0.000169 seconds.
  path: Assets/Demigiant/DemiLib/Core/Editor/Imgs/squareBorderCurvedAlpha.png
  artifactKey: Guid(a1606d34a052ed3449da93edd229743e) Importer(815301076,1909f56bfc062723c751e8b465ee728b)
Start importing Assets/Demigiant/DemiLib/Core/Editor/Imgs/squareBorderCurvedAlpha.png using Guid(a1606d34a052ed3449da93edd229743e) Importer(815301076,1909f56bfc062723c751e8b465ee728b)  -> (artifact id: 'f8c8bb2e09aeeb2ac799dbfbb5cae831') in 0.018836 seconds 
========================================================================
Received Import Request.
  Time since last request: 0.000247 seconds.
  path: Assets/Demigiant/DemiLib/Core/Editor/Imgs/project/ico_demigiant.png
  artifactKey: Guid(f36ab42cc6fcdfd4187033279d3d14a9) Importer(815301076,1909f56bfc062723c751e8b465ee728b)
Start importing Assets/Demigiant/DemiLib/Core/Editor/Imgs/project/ico_demigiant.png using Guid(f36ab42cc6fcdfd4187033279d3d14a9) Importer(815301076,1909f56bfc062723c751e8b465ee728b)  -> (artifact id: 'db247d993bcef0b688aec255fe50339f') in 0.017734 seconds 
========================================================================
Received Import Request.
  Time since last request: 0.000140 seconds.
  path: Assets/Demigiant/DemiLib/Core/Editor/Imgs/squareBorderThickerEmpty.png
  artifactKey: Guid(7acc6bd588627b046bc1c9b3cd78a6c7) Importer(815301076,1909f56bfc062723c751e8b465ee728b)
Start importing Assets/Demigiant/DemiLib/Core/Editor/Imgs/squareBorderThickerEmpty.png using Guid(7acc6bd588627b046bc1c9b3cd78a6c7) Importer(815301076,1909f56bfc062723c751e8b465ee728b)  -> (artifact id: '36cb1e7240dc8ee4adc4bd94cc28b4aa') in 0.018716 seconds 
========================================================================
Received Import Request.
  Time since last request: 0.000246 seconds.
  path: Assets/Demigiant/DemiLib/Core/Editor/Imgs/ico_nodeArrow.png
  artifactKey: Guid(4aa34055b1d36ef479af3d7b5701b28a) Importer(815301076,1909f56bfc062723c751e8b465ee728b)
Start importing Assets/Demigiant/DemiLib/Core/Editor/Imgs/ico_nodeArrow.png using Guid(4aa34055b1d36ef479af3d7b5701b28a) Importer(815301076,1909f56bfc062723c751e8b465ee728b)  -> (artifact id: 'ea879099f2f9a71f10f70d18217f3197') in 0.042087 seconds 
========================================================================
Received Import Request.
  Time since last request: 0.000244 seconds.
  path: Assets/Demigiant/DemiLib/Core/Editor/Imgs/project/ico_shaders.png
  artifactKey: Guid(f252c69cd0163714eba038403f61b09e) Importer(815301076,1909f56bfc062723c751e8b465ee728b)
Start importing Assets/Demigiant/DemiLib/Core/Editor/Imgs/project/ico_shaders.png using Guid(f252c69cd0163714eba038403f61b09e) Importer(815301076,1909f56bfc062723c751e8b465ee728b)  -> (artifact id: '40a8a12b9f1c4003cff7ee77d6164a11') in 0.005270 seconds 
========================================================================
Received Import Request.
  Time since last request: 0.000174 seconds.
  path: Assets/Demigiant/DemiLib/Core/Editor/Imgs/squareBorderEmpty02.png
  artifactKey: Guid(29b0e8156f6fb774faf129c83bc9ee33) Importer(815301076,1909f56bfc062723c751e8b465ee728b)
Start importing Assets/Demigiant/DemiLib/Core/Editor/Imgs/squareBorderEmpty02.png using Guid(29b0e8156f6fb774faf129c83bc9ee33) Importer(815301076,1909f56bfc062723c751e8b465ee728b)  -> (artifact id: 'e6734acc622c04c0001b124564ce742e') in 0.038905 seconds 
========================================================================
Received Import Request.
  Time since last request: 0.000208 seconds.
  path: Assets/Demigiant/DemiLib/Core/Editor/Imgs/squareBorderCurvedEmpty02.png
  artifactKey: Guid(7d504312fad10f040b95bd8836dc6fc6) Importer(815301076,1909f56bfc062723c751e8b465ee728b)
Start importing Assets/Demigiant/DemiLib/Core/Editor/Imgs/squareBorderCurvedEmpty02.png using Guid(7d504312fad10f040b95bd8836dc6fc6) Importer(815301076,1909f56bfc062723c751e8b465ee728b)  -> (artifact id: 'abc8f5b23ff8282c6932966cc4444077') in 0.046143 seconds 
========================================================================
Received Import Request.
  Time since last request: 0.000407 seconds.
  path: Assets/Demigiant/DemiLib/Core/Editor/Imgs/ico_delete.png
  artifactKey: Guid(6b1f9e1e1c2cf004b8e3bdd3033a8e75) Importer(815301076,1909f56bfc062723c751e8b465ee728b)
Start importing Assets/Demigiant/DemiLib/Core/Editor/Imgs/ico_delete.png using Guid(6b1f9e1e1c2cf004b8e3bdd3033a8e75) Importer(815301076,1909f56bfc062723c751e8b465ee728b)  -> (artifact id: '7db74b18d9da0e55a2ca2afb1ee428a2') in 0.045397 seconds 
========================================================================
Received Import Request.
  Time since last request: 0.000260 seconds.
  path: Assets/Demigiant/DemiLib/Core/Editor/Imgs/ico_ui_border.png
  artifactKey: Guid(c0c40ceac3c6df146a0fcd4e6b226540) Importer(815301076,1909f56bfc062723c751e8b465ee728b)
Start importing Assets/Demigiant/DemiLib/Core/Editor/Imgs/ico_ui_border.png using Guid(c0c40ceac3c6df146a0fcd4e6b226540) Importer(815301076,1909f56bfc062723c751e8b465ee728b)  -> (artifact id: '1d760a16f0ac9a6004ba81b0095afc08') in 0.006638 seconds 
========================================================================
Received Import Request.
  Time since last request: 0.000174 seconds.
  path: Assets/Demigiant/DemiLib/Core/Editor/Imgs/squareBorderCurved02_darkBorders.png
  artifactKey: Guid(e3ae01f12865ad54ba365963bda55759) Importer(815301076,1909f56bfc062723c751e8b465ee728b)
Start importing Assets/Demigiant/DemiLib/Core/Editor/Imgs/squareBorderCurved02_darkBorders.png using Guid(e3ae01f12865ad54ba365963bda55759) Importer(815301076,1909f56bfc062723c751e8b465ee728b)  -> (artifact id: '24e1a853ccc4ef0cf36b820b03f0de15') in 0.006221 seconds 
========================================================================
Received Import Request.
  Time since last request: 0.000171 seconds.
  path: Assets/BOXOPHOBIC/Utils/Editor/Resources/Boxophobic - BannerBegin.psd
  artifactKey: Guid(9515108b8376ad7418e8138858201b72) Importer(815301076,1909f56bfc062723c751e8b465ee728b)
Start importing Assets/BOXOPHOBIC/Utils/Editor/Resources/Boxophobic - BannerBegin.psd using Guid(9515108b8376ad7418e8138858201b72) Importer(815301076,1909f56bfc062723c751e8b465ee728b)  -> (artifact id: 'b099309807c89e6c193c21725ade050d') in 0.015640 seconds 
========================================================================
Received Import Request.
  Time since last request: 0.000188 seconds.
  path: Assets/Demigiant/DemiLib/Core/Editor/Imgs/ico_cog_border.png
  artifactKey: Guid(6862027f2176eae40a3143c562466a1b) Importer(815301076,1909f56bfc062723c751e8b465ee728b)
Start importing Assets/Demigiant/DemiLib/Core/Editor/Imgs/ico_cog_border.png using Guid(6862027f2176eae40a3143c562466a1b) Importer(815301076,1909f56bfc062723c751e8b465ee728b)  -> (artifact id: 'ac0adfe0240de317b898b8b6182a15c0') in 0.024287 seconds 
========================================================================
Received Import Request.
  Time since last request: 0.000656 seconds.
  path: Assets/Demigiant/DemiLib/Core/Editor/Imgs/ico_comment_border.png
  artifactKey: Guid(d98b8847646169c4fb5af28dd84c4179) Importer(815301076,1909f56bfc062723c751e8b465ee728b)
Start importing Assets/Demigiant/DemiLib/Core/Editor/Imgs/ico_comment_border.png using Guid(d98b8847646169c4fb5af28dd84c4179) Importer(815301076,1909f56bfc062723c751e8b465ee728b)  -> (artifact id: '0d7305dd23e7805bdbd2983b6aa3d137') in 0.019306 seconds 
========================================================================
Received Import Request.
  Time since last request: 0.000251 seconds.
  path: Assets/FREE Skyboxes - Terrestrial/SBS Terra 1/Medium/Textures/Back_Terra 1 Medium.png
  artifactKey: Guid(4de51ae31cbdde7419af0ef8bb1fd996) Importer(815301076,1909f56bfc062723c751e8b465ee728b)
Start importing Assets/FREE Skyboxes - Terrestrial/SBS Terra 1/Medium/Textures/Back_Terra 1 Medium.png using Guid(4de51ae31cbdde7419af0ef8bb1fd996) Importer(815301076,1909f56bfc062723c751e8b465ee728b)  -> (artifact id: 'a1e8ac92430e02f44194cdde4c04dec9') in 0.185166 seconds 
========================================================================
Received Import Request.
  Time since last request: 0.000271 seconds.
  path: Assets/BOXOPHOBIC/Utils/Editor/Resources/Boxophobic - CategoryEnd.psd
  artifactKey: Guid(e1c856352cf5b9b479ddb80c85c84cd5) Importer(815301076,1909f56bfc062723c751e8b465ee728b)
Start importing Assets/BOXOPHOBIC/Utils/Editor/Resources/Boxophobic - CategoryEnd.psd using Guid(e1c856352cf5b9b479ddb80c85c84cd5) Importer(815301076,1909f56bfc062723c751e8b465ee728b)  -> (artifact id: '2e4823de607fe05a7740a84ce4735afe') in 0.033790 seconds 
========================================================================
Received Import Request.
  Time since last request: 0.000242 seconds.
  path: Assets/FXIFIED/Stylized VFX Free Pack/Resources/Textures/FX_TX_Decal_AC.tga
  artifactKey: Guid(5c50e1ba3ed5f5c4dbe90796225e9657) Importer(815301076,1909f56bfc062723c751e8b465ee728b)
Start importing Assets/FXIFIED/Stylized VFX Free Pack/Resources/Textures/FX_TX_Decal_AC.tga using Guid(5c50e1ba3ed5f5c4dbe90796225e9657) Importer(815301076,1909f56bfc062723c751e8b465ee728b)  -> (artifact id: '11ce9647c42dd978a6610431b3f82c93') in 0.107543 seconds 
========================================================================
Received Import Request.
  Time since last request: 0.000337 seconds.
  path: Assets/Demigiant/DemiLib/Core/Editor/Imgs/ico_heart_border.png
  artifactKey: Guid(669c487f3c9c5fe4abb6459f9c2628f0) Importer(815301076,1909f56bfc062723c751e8b465ee728b)
Start importing Assets/Demigiant/DemiLib/Core/Editor/Imgs/ico_heart_border.png using Guid(669c487f3c9c5fe4abb6459f9c2628f0) Importer(815301076,1909f56bfc062723c751e8b465ee728b)  -> (artifact id: '569147312d7650caf078c3fd9c34cb39') in 0.031463 seconds 
========================================================================
Received Import Request.
  Time since last request: 0.000250 seconds.
  path: Assets/FREE Skyboxes - Terrestrial/SBS Terra 5/Small/Textures/Back_Terra 5 Small.png
  artifactKey: Guid(17f1b942b208e3c45ac0e49e63c70612) Importer(815301076,1909f56bfc062723c751e8b465ee728b)
Start importing Assets/FREE Skyboxes - Terrestrial/SBS Terra 5/Small/Textures/Back_Terra 5 Small.png using Guid(17f1b942b208e3c45ac0e49e63c70612) Importer(815301076,1909f56bfc062723c751e8b465ee728b)  -> (artifact id: '804dfda4117e74236088856bff645923') in 0.090157 seconds 
========================================================================
Received Import Request.
  Time since last request: 0.000272 seconds.
  path: Assets/Demigiant/DemiLib/Core/Editor/Imgs/whiteDot_darkBorder.png
  artifactKey: Guid(27df4ca974a8eaf40803907859421506) Importer(815301076,1909f56bfc062723c751e8b465ee728b)
Start importing Assets/Demigiant/DemiLib/Core/Editor/Imgs/whiteDot_darkBorder.png using Guid(27df4ca974a8eaf40803907859421506) Importer(815301076,1909f56bfc062723c751e8b465ee728b)  -> (artifact id: 'b631d9fb80403f48fffa6a2d648af48a') in 0.026351 seconds 
========================================================================
Received Import Request.
  Time since last request: 0.000298 seconds.
  path: Assets/Azerilo/Demo/Chan/Texture/_Atlas/Atlas_SchoolUniform_Misaki.png
  artifactKey: Guid(d2f05c6f0166afc4594d8203187bd693) Importer(815301076,1909f56bfc062723c751e8b465ee728b)
Start importing Assets/Azerilo/Demo/Chan/Texture/_Atlas/Atlas_SchoolUniform_Misaki.png using Guid(d2f05c6f0166afc4594d8203187bd693) Importer(815301076,1909f56bfc062723c751e8b465ee728b)  -> (artifact id: '9e9b32146a35241b24af8ab330f522f7') in 0.043908 seconds 
========================================================================
Received Import Request.
  Time since last request: 0.000281 seconds.
  path: Assets/Effects/Textures/Emoticons/derp.png
  artifactKey: Guid(7b40f433136a0a7409f44768d9ffe0a2) Importer(815301076,1909f56bfc062723c751e8b465ee728b)
Start importing Assets/Effects/Textures/Emoticons/derp.png using Guid(7b40f433136a0a7409f44768d9ffe0a2) Importer(815301076,1909f56bfc062723c751e8b465ee728b)  -> (artifact id: 'ec45fed206ecd313fbdcb15d25d6ca00') in 0.083215 seconds 
========================================================================
Received Import Request.
  Time since last request: 0.000199 seconds.
  path: Assets/EffectExamples/FireExplosionEffects/Textures/FlameRoundParticleSheet.tif
  artifactKey: Guid(408718fd5f763de42b12f849570ddf58) Importer(815301076,1909f56bfc062723c751e8b465ee728b)
Start importing Assets/EffectExamples/FireExplosionEffects/Textures/FlameRoundParticleSheet.tif using Guid(408718fd5f763de42b12f849570ddf58) Importer(815301076,1909f56bfc062723c751e8b465ee728b)  -> (artifact id: '89e9f1394fec8b16c7e7c0d5f40e5164') in 0.036767 seconds 
========================================================================
Received Import Request.
  Time since last request: 0.000156 seconds.
  path: Assets/Demigiant/DemiLib/Core/Editor/Imgs/ico_star_border.png
  artifactKey: Guid(18f3a26aa87fccc4cb5e211d4c6de662) Importer(815301076,1909f56bfc062723c751e8b465ee728b)
Start importing Assets/Demigiant/DemiLib/Core/Editor/Imgs/ico_star_border.png using Guid(18f3a26aa87fccc4cb5e211d4c6de662) Importer(815301076,1909f56bfc062723c751e8b465ee728b)  -> (artifact id: '34660405a59a5bf4cbb6cdf56e580dae') in 0.032617 seconds 
========================================================================
Received Import Request.
  Time since last request: 0.000142 seconds.
  path: Assets/Demigiant/DemiLib/Core/Editor/Imgs/squareBorderEmpty03.png
  artifactKey: Guid(c0a56b88a1b449045b3fe5f561aa12fa) Importer(815301076,1909f56bfc062723c751e8b465ee728b)
Start importing Assets/Demigiant/DemiLib/Core/Editor/Imgs/squareBorderEmpty03.png using Guid(c0a56b88a1b449045b3fe5f561aa12fa) Importer(815301076,1909f56bfc062723c751e8b465ee728b)  -> (artifact id: 'dece64bbd0a066c34e64514ae2440b96') in 0.046805 seconds 
========================================================================
Received Import Request.
  Time since last request: 0.000199 seconds.
  path: Assets/Effects/Textures/aura_slam.png
  artifactKey: Guid(f49e22d051dd27a429c90269e9bdf852) Importer(815301076,1909f56bfc062723c751e8b465ee728b)
Start importing Assets/Effects/Textures/aura_slam.png using Guid(f49e22d051dd27a429c90269e9bdf852) Importer(815301076,1909f56bfc062723c751e8b465ee728b)  -> (artifact id: '363db1bbbd6202904454d1570bde39eb') in 0.033805 seconds 
========================================================================
Received Import Request.
  Time since last request: 0.000625 seconds.
  path: Assets/Demigiant/DemiLib/Core/Editor/Imgs/project/ico_models.png
  artifactKey: Guid(09a0cde07b4d75f49b4c817932791b81) Importer(815301076,1909f56bfc062723c751e8b465ee728b)
Start importing Assets/Demigiant/DemiLib/Core/Editor/Imgs/project/ico_models.png using Guid(09a0cde07b4d75f49b4c817932791b81) Importer(815301076,1909f56bfc062723c751e8b465ee728b)  -> (artifact id: 'f08acbeb49a6a894c929bcf6897531f2') in 0.019223 seconds 
========================================================================
Received Import Request.
  Time since last request: 0.000173 seconds.
  path: Assets/Demigiant/DemiLib/Core/Editor/Imgs/squareBorderThickEmpty.png
  artifactKey: Guid(c456d5ac01d2aa843a63985497b04931) Importer(815301076,1909f56bfc062723c751e8b465ee728b)
Start importing Assets/Demigiant/DemiLib/Core/Editor/Imgs/squareBorderThickEmpty.png using Guid(c456d5ac01d2aa843a63985497b04931) Importer(815301076,1909f56bfc062723c751e8b465ee728b)  -> (artifact id: '016d5eac8ea300ce2301dcddf3d98723') in 0.062663 seconds 
========================================================================
Received Import Request.
  Time since last request: 0.000262 seconds.
  path: Assets/Demigiant/DemiLib/Core/Editor/Imgs/blueSquare.png
  artifactKey: Guid(05cfe010378336646ad6c721f66543d1) Importer(815301076,1909f56bfc062723c751e8b465ee728b)
Start importing Assets/Demigiant/DemiLib/Core/Editor/Imgs/blueSquare.png using Guid(05cfe010378336646ad6c721f66543d1) Importer(815301076,1909f56bfc062723c751e8b465ee728b)  -> (artifact id: 'f24017ee2e222ddc393b253781ae86a9') in 0.063271 seconds 
========================================================================
Received Import Request.
  Time since last request: 0.000258 seconds.
  path: Assets/Demigiant/DemiLib/Core/Editor/Imgs/squareBorderCurved02.png
  artifactKey: Guid(ff88be84254fb1f4b9a81a27ae0b2e81) Importer(815301076,1909f56bfc062723c751e8b465ee728b)
Start importing Assets/Demigiant/DemiLib/Core/Editor/Imgs/squareBorderCurved02.png using Guid(ff88be84254fb1f4b9a81a27ae0b2e81) Importer(815301076,1909f56bfc062723c751e8b465ee728b)  -> (artifact id: 'f8ecb354c13818ca38088246a7544061') in 0.060358 seconds 
========================================================================
Received Import Request.
  Time since last request: 0.000371 seconds.
  path: Assets/Demigiant/DOTween/Editor/Imgs/Header.jpg
  artifactKey: Guid(78a59ca99f8987941adb61f9e14a06a7) Importer(815301076,1909f56bfc062723c751e8b465ee728b)
Start importing Assets/Demigiant/DOTween/Editor/Imgs/Header.jpg using Guid(78a59ca99f8987941adb61f9e14a06a7) Importer(815301076,1909f56bfc062723c751e8b465ee728b)  -> (artifact id: '6d2c8828863f40c5f5d257c5ef35c417') in 0.059815 seconds 
========================================================================
Received Import Request.
  Time since last request: 0.000646 seconds.
  path: Assets/Demigiant/DemiLib/Core/Editor/Imgs/blackSquareAlpha15.png
  artifactKey: Guid(53d696c01f6ca524383f11fcc34dd13c) Importer(815301076,1909f56bfc062723c751e8b465ee728b)
Start importing Assets/Demigiant/DemiLib/Core/Editor/Imgs/blackSquareAlpha15.png using Guid(53d696c01f6ca524383f11fcc34dd13c) Importer(815301076,1909f56bfc062723c751e8b465ee728b)  -> (artifact id: 'b5df2cf5c7c26bf81910a942bbe231c6') in 0.024896 seconds 
========================================================================
Received Import Request.
  Time since last request: 0.000232 seconds.
  path: Assets/FREE Skyboxes - Terrestrial/SBS Terra 2/Small/Textures/Back_Terra 2 Small.png
  artifactKey: Guid(d33236283d4928b43a2a861f00547706) Importer(815301076,1909f56bfc062723c751e8b465ee728b)
Start importing Assets/FREE Skyboxes - Terrestrial/SBS Terra 2/Small/Textures/Back_Terra 2 Small.png using Guid(d33236283d4928b43a2a861f00547706) Importer(815301076,1909f56bfc062723c751e8b465ee728b)  -> (artifact id: '0698f63b738efc670174ff288e226299') in 0.109688 seconds 
========================================================================
Received Import Request.
  Time since last request: 0.000328 seconds.
  path: Assets/Demigiant/DemiLib/Core/Editor/Imgs/whiteDot_whiteBorderAlpha.png
  artifactKey: Guid(039dc89c76661c344b7776f8a47cc5a4) Importer(815301076,1909f56bfc062723c751e8b465ee728b)
Start importing Assets/Demigiant/DemiLib/Core/Editor/Imgs/whiteDot_whiteBorderAlpha.png using Guid(039dc89c76661c344b7776f8a47cc5a4) Importer(815301076,1909f56bfc062723c751e8b465ee728b)  -> (artifact id: '705a566901a7a1642b5ad57b9baa1ca5') in 0.029733 seconds 
========================================================================
Received Import Request.
  Time since last request: 0.000265 seconds.
  path: Assets/Demigiant/DemiLib/Core/Editor/Imgs/whiteSquare_fadeOut_bt.png
  artifactKey: Guid(a40dc0d6372a9084fb45976308087290) Importer(815301076,1909f56bfc062723c751e8b465ee728b)
Start importing Assets/Demigiant/DemiLib/Core/Editor/Imgs/whiteSquare_fadeOut_bt.png using Guid(a40dc0d6372a9084fb45976308087290) Importer(815301076,1909f56bfc062723c751e8b465ee728b)  -> (artifact id: 'c9653b0e673f713d594ed5b9356ceb16') in 0.028592 seconds 
========================================================================
Received Import Request.
  Time since last request: 0.000228 seconds.
  path: Assets/BOXOPHOBIC/Utils/Editor/Resources/Boxophobic - BannerMiddle.psd
  artifactKey: Guid(e3767adfa5dac5544830cd097ef6c09f) Importer(815301076,1909f56bfc062723c751e8b465ee728b)
Start importing Assets/BOXOPHOBIC/Utils/Editor/Resources/Boxophobic - BannerMiddle.psd using Guid(e3767adfa5dac5544830cd097ef6c09f) Importer(815301076,1909f56bfc062723c751e8b465ee728b)  -> (artifact id: '9a32ae43851aaa628634293f96e310fa') in 0.026881 seconds 
========================================================================
Received Import Request.
  Time since last request: 0.000652 seconds.
  path: Assets/EffectExamples/TutorialInfo/Icons/ParticlePack5x_Icon.png
  artifactKey: Guid(1b854426d1f38f842a143cde84f59573) Importer(815301076,1909f56bfc062723c751e8b465ee728b)
Start importing Assets/EffectExamples/TutorialInfo/Icons/ParticlePack5x_Icon.png using Guid(1b854426d1f38f842a143cde84f59573) Importer(815301076,1909f56bfc062723c751e8b465ee728b)  -> (artifact id: '79593649072065639a07e233b3286061') in 0.050928 seconds 
========================================================================
Received Import Request.
  Time since last request: 0.000256 seconds.
  path: Assets/Demigiant/DemiLib/Core/Editor/Imgs/squareBorderAlpha15.png
  artifactKey: Guid(dfd33662d9f6f3849bd92f6e159ca226) Importer(815301076,1909f56bfc062723c751e8b465ee728b)
Start importing Assets/Demigiant/DemiLib/Core/Editor/Imgs/squareBorderAlpha15.png using Guid(dfd33662d9f6f3849bd92f6e159ca226) Importer(815301076,1909f56bfc062723c751e8b465ee728b)  -> (artifact id: 'c7b0500e41eb0d3bb1d8c00950d5f10f') in 0.030624 seconds 
========================================================================
Received Import Request.
  Time since last request: 0.000259 seconds.
  path: Assets/Demigiant/DemiLib/Core/Editor/Imgs/squareBorderCurvedEmptyThick.png
  artifactKey: Guid(fc3b86627d5fe1c4d865b80627e2e37c) Importer(815301076,1909f56bfc062723c751e8b465ee728b)
Start importing Assets/Demigiant/DemiLib/Core/Editor/Imgs/squareBorderCurvedEmptyThick.png using Guid(fc3b86627d5fe1c4d865b80627e2e37c) Importer(815301076,1909f56bfc062723c751e8b465ee728b)  -> (artifact id: 'f07af8d643beaeadfdf23d33b22f638d') in 0.014743 seconds 
========================================================================
Received Import Request.
  Time since last request: 0.000146 seconds.
  path: Assets/Effects/Textures/Text/boom.png
  artifactKey: Guid(0df209ed5e236c842aea8f79e6ea6522) Importer(815301076,1909f56bfc062723c751e8b465ee728b)
Start importing Assets/Effects/Textures/Text/boom.png using Guid(0df209ed5e236c842aea8f79e6ea6522) Importer(815301076,1909f56bfc062723c751e8b465ee728b)  -> (artifact id: '07ec9946a9563ba841b719741c9ab71a') in 0.060738 seconds 
========================================================================
Received Import Request.
  Time since last request: 0.000244 seconds.
  path: Assets/Demigiant/DemiLib/Core/Editor/Imgs/ico_skull_border.png
  artifactKey: Guid(6dfd924c0ba23844fb5d04ad1560de22) Importer(815301076,1909f56bfc062723c751e8b465ee728b)
Start importing Assets/Demigiant/DemiLib/Core/Editor/Imgs/ico_skull_border.png using Guid(6dfd924c0ba23844fb5d04ad1560de22) Importer(815301076,1909f56bfc062723c751e8b465ee728b)  -> (artifact id: '9262c3005e1e4dbee7dc9da63597029d') in 0.016965 seconds 
========================================================================
Received Import Request.
  Time since last request: 0.000249 seconds.
  path: Assets/Joystick Pack/Sprites/All Axis Backgrounds/AllAxis_Plain.png
  artifactKey: Guid(84487d73ca4b791498332d8f6858417f) Importer(815301076,1909f56bfc062723c751e8b465ee728b)
Start importing Assets/Joystick Pack/Sprites/All Axis Backgrounds/AllAxis_Plain.png using Guid(84487d73ca4b791498332d8f6858417f) Importer(815301076,1909f56bfc062723c751e8b465ee728b)  -> (artifact id: 'cf5f90b0a7eefd6a535358ccff1b2cd1') in 0.072648 seconds 
========================================================================
Received Import Request.
  Time since last request: 0.000260 seconds.
  path: Assets/Demigiant/DemiLib/Core/Editor/Imgs/squareBorderEmpty01.png
  artifactKey: Guid(aa8dc9238ab21e54ca88fa22698e4679) Importer(815301076,1909f56bfc062723c751e8b465ee728b)
Start importing Assets/Demigiant/DemiLib/Core/Editor/Imgs/squareBorderEmpty01.png using Guid(aa8dc9238ab21e54ca88fa22698e4679) Importer(815301076,1909f56bfc062723c751e8b465ee728b)  -> (artifact id: '32de374ea5392cfe449531304930e923') in 0.017970 seconds 
========================================================================
Received Import Request.
  Time since last request: 0.000247 seconds.
  path: Assets/Demigiant/DemiLib/Core/Editor/Imgs/ico_play_border.png
  artifactKey: Guid(45e128e1cf00555479ee7934ab11cadf) Importer(815301076,1909f56bfc062723c751e8b465ee728b)
Start importing Assets/Demigiant/DemiLib/Core/Editor/Imgs/ico_play_border.png using Guid(45e128e1cf00555479ee7934ab11cadf) Importer(815301076,1909f56bfc062723c751e8b465ee728b)  -> (artifact id: '3c7eaccc0be416f1517aa53c8686dad5') in 0.015696 seconds 
========================================================================
Received Import Request.
  Time since last request: 0.000110 seconds.
  path: Assets/Demigiant/DemiLib/Core/Editor/Imgs/blackSquare.png
  artifactKey: Guid(7ba4b2810f605d945af87e032ca2957b) Importer(815301076,1909f56bfc062723c751e8b465ee728b)
Start importing Assets/Demigiant/DemiLib/Core/Editor/Imgs/blackSquare.png using Guid(7ba4b2810f605d945af87e032ca2957b) Importer(815301076,1909f56bfc062723c751e8b465ee728b)  -> (artifact id: 'e30c2c8fb53a1e7909f7101653080eef') in 0.024651 seconds 
========================================================================
Received Import Request.
  Time since last request: 0.000685 seconds.
  path: Assets/Joystick Pack/Sprites/All Axis Backgrounds/AllAxis_Plain_Arrows.png
  artifactKey: Guid(2a1f3cba20f3e11498474a705db12fde) Importer(815301076,1909f56bfc062723c751e8b465ee728b)
Start importing Assets/Joystick Pack/Sprites/All Axis Backgrounds/AllAxis_Plain_Arrows.png using Guid(2a1f3cba20f3e11498474a705db12fde) Importer(815301076,1909f56bfc062723c751e8b465ee728b)  -> (artifact id: '9c294217f8f5bffaed6be12666515b9e') in 0.061490 seconds 
========================================================================
Received Import Request.
  Time since last request: 0.000180 seconds.
  path: Assets/Azerilo/Demo/Chan/Texture/_Atlas/Atlas_Unity-chan.png
  artifactKey: Guid(27b07b3caca1e644e9d85e7ee747e060) Importer(815301076,1909f56bfc062723c751e8b465ee728b)
Start importing Assets/Azerilo/Demo/Chan/Texture/_Atlas/Atlas_Unity-chan.png using Guid(27b07b3caca1e644e9d85e7ee747e060) Importer(815301076,1909f56bfc062723c751e8b465ee728b)  -> (artifact id: 'b6a1f68eff0515bb6fc0cf390b10707a') in 0.060065 seconds 
========================================================================
Received Import Request.
  Time since last request: 0.000257 seconds.
  path: Assets/Joystick Pack/Sprites/All Axis Backgrounds/AllAxis_Ridged.png
  artifactKey: Guid(54628aafa20f64b40ae661038ee7abf0) Importer(815301076,1909f56bfc062723c751e8b465ee728b)
Start importing Assets/Joystick Pack/Sprites/All Axis Backgrounds/AllAxis_Ridged.png using Guid(54628aafa20f64b40ae661038ee7abf0) Importer(815301076,1909f56bfc062723c751e8b465ee728b)  -> (artifact id: '20bc5ba6b06f5ac8d225417e86ea9ed7') in 0.047209 seconds 
========================================================================
Received Import Request.
  Time since last request: 0.000261 seconds.
  path: Assets/BOXOPHOBIC/Utils/Editor/Resources/Boxophobic - BannerEnd.psd
  artifactKey: Guid(0dd3fbd5475976a4aa96298afc680d17) Importer(815301076,1909f56bfc062723c751e8b465ee728b)
Start importing Assets/BOXOPHOBIC/Utils/Editor/Resources/Boxophobic - BannerEnd.psd using Guid(0dd3fbd5475976a4aa96298afc680d17) Importer(815301076,1909f56bfc062723c751e8b465ee728b)  -> (artifact id: '956ce9716d74dfe190ac1967f54a5e31') in 0.017218 seconds 
========================================================================
Received Import Request.
  Time since last request: 0.000240 seconds.
  path: Assets/Effects/Textures/Emoticons/bigsmile.png
  artifactKey: Guid(a887e55c507f0a24eae8c11437b3251e) Importer(815301076,1909f56bfc062723c751e8b465ee728b)
Start importing Assets/Effects/Textures/Emoticons/bigsmile.png using Guid(a887e55c507f0a24eae8c11437b3251e) Importer(815301076,1909f56bfc062723c751e8b465ee728b)  -> (artifact id: '137fba59deec1a039881e39bbed2817f') in 0.081913 seconds 
========================================================================
Received Import Request.
  Time since last request: 0.000264 seconds.
  path: Assets/Demigiant/DemiLib/Core/Editor/Imgs/blackSquareAlpha25.png
  artifactKey: Guid(f7ff421f40d548444864a01cd7f47112) Importer(815301076,1909f56bfc062723c751e8b465ee728b)
Start importing Assets/Demigiant/DemiLib/Core/Editor/Imgs/blackSquareAlpha25.png using Guid(f7ff421f40d548444864a01cd7f47112) Importer(815301076,1909f56bfc062723c751e8b465ee728b)  -> (artifact id: '4236504bade767534126846ee6b2aa42') in 0.028964 seconds 
========================================================================
Received Import Request.
  Time since last request: 0.000177 seconds.
  path: Assets/Demigiant/DemiLib/Core/Editor/Imgs/squareBorder.png
  artifactKey: Guid(afd7d0ddb1d6c744b9cb87ae49b2ce62) Importer(815301076,1909f56bfc062723c751e8b465ee728b)
Start importing Assets/Demigiant/DemiLib/Core/Editor/Imgs/squareBorder.png using Guid(afd7d0ddb1d6c744b9cb87ae49b2ce62) Importer(815301076,1909f56bfc062723c751e8b465ee728b)  -> (artifact id: 'e13c4e1906cc4003465ad523db98ea38') in 0.020897 seconds 
========================================================================
Received Import Request.
  Time since last request: 0.000345 seconds.
  path: Assets/Demigiant/DemiLib/Core/Editor/Imgs/squareBorderCurved_darkBorders.png
  artifactKey: Guid(25da15ac84743244ab4c860cf8798ec8) Importer(815301076,1909f56bfc062723c751e8b465ee728b)
Start importing Assets/Demigiant/DemiLib/Core/Editor/Imgs/squareBorderCurved_darkBorders.png using Guid(25da15ac84743244ab4c860cf8798ec8) Importer(815301076,1909f56bfc062723c751e8b465ee728b)  -> (artifact id: 'd96ec2704b044744e6c6839019d0d5ae') in 0.018368 seconds 
========================================================================
Received Import Request.
  Time since last request: 0.000139 seconds.
  path: Assets/Demigiant/DemiLib/Core/Editor/Imgs/project/ico_particles.png
  artifactKey: Guid(8003873ab749935489bb11f23f830856) Importer(815301076,1909f56bfc062723c751e8b465ee728b)
Start importing Assets/Demigiant/DemiLib/Core/Editor/Imgs/project/ico_particles.png using Guid(8003873ab749935489bb11f23f830856) Importer(815301076,1909f56bfc062723c751e8b465ee728b)  -> (artifact id: 'ba9c335802d17c1645d5c32d6ee51d17') in 0.025333 seconds 
========================================================================
Received Import Request.
  Time since last request: 0.000192 seconds.
  path: Assets/Demigiant/DemiLib/Core/Editor/Imgs/blackSquareAlpha10.png
  artifactKey: Guid(8c9cfa1dbe00a1d41ae9d14f5ac543ec) Importer(815301076,1909f56bfc062723c751e8b465ee728b)
Start importing Assets/Demigiant/DemiLib/Core/Editor/Imgs/blackSquareAlpha10.png using Guid(8c9cfa1dbe00a1d41ae9d14f5ac543ec) Importer(815301076,1909f56bfc062723c751e8b465ee728b)  -> (artifact id: '11ff9cd5974cc09dea14b28f3baa525a') in 0.011012 seconds 
========================================================================
Received Import Request.
  Time since last request: 0.000245 seconds.
  path: Assets/Joystick Pack/Sprites/All Axis Backgrounds/AllAxis_Outline_Arrows.png
  artifactKey: Guid(48c0d4d6bebaa934384b07aa1e2f8184) Importer(815301076,1909f56bfc062723c751e8b465ee728b)
Start importing Assets/Joystick Pack/Sprites/All Axis Backgrounds/AllAxis_Outline_Arrows.png using Guid(48c0d4d6bebaa934384b07aa1e2f8184) Importer(815301076,1909f56bfc062723c751e8b465ee728b)  -> (artifact id: '8219723c5cb66a3d26d07516183768c9') in 0.059461 seconds 
========================================================================
Received Import Request.
  Time since last request: 0.000269 seconds.
  path: Assets/Demigiant/DemiLib/Core/Editor/Imgs/ico_camera_border.png
  artifactKey: Guid(358cddede8023574191e0aae610a4645) Importer(815301076,1909f56bfc062723c751e8b465ee728b)
Start importing Assets/Demigiant/DemiLib/Core/Editor/Imgs/ico_camera_border.png using Guid(358cddede8023574191e0aae610a4645) Importer(815301076,1909f56bfc062723c751e8b465ee728b)  -> (artifact id: '9b9f12da0eb54429877d5157848228bf') in 0.015040 seconds 
========================================================================
Received Import Request.
  Time since last request: 0.000265 seconds.
  path: Assets/Effects/Textures/aura_punch.png
  artifactKey: Guid(dc459e47586770b49b1aa54a5bd66f68) Importer(815301076,1909f56bfc062723c751e8b465ee728b)
Start importing Assets/Effects/Textures/aura_punch.png using Guid(dc459e47586770b49b1aa54a5bd66f68) Importer(815301076,1909f56bfc062723c751e8b465ee728b)  -> (artifact id: '5da89b388307bfb7e2727b8f915db483') in 0.073189 seconds 
========================================================================
Received Import Request.
  Time since last request: 0.000252 seconds.
  path: Assets/Demigiant/DemiLib/Core/Editor/Imgs/squareBorderCurved.png
  artifactKey: Guid(4896b5aa9d63dec498136c21ffce735b) Importer(815301076,1909f56bfc062723c751e8b465ee728b)
Start importing Assets/Demigiant/DemiLib/Core/Editor/Imgs/squareBorderCurved.png using Guid(4896b5aa9d63dec498136c21ffce735b) Importer(815301076,1909f56bfc062723c751e8b465ee728b)  -> (artifact id: '34cb409bd2531567ea170335edf71bbe') in 0.023115 seconds 
========================================================================
Received Import Request.
  Time since last request: 0.000247 seconds.
  path: Assets/Joystick Pack/Sprites/All Axis Backgrounds/AllAxis_Ridged_Arrows.png
  artifactKey: Guid(4cbc879550e5e374a925e2e0a84d6f3c) Importer(815301076,1909f56bfc062723c751e8b465ee728b)
Start importing Assets/Joystick Pack/Sprites/All Axis Backgrounds/AllAxis_Ridged_Arrows.png using Guid(4cbc879550e5e374a925e2e0a84d6f3c) Importer(815301076,1909f56bfc062723c751e8b465ee728b)  -> (artifact id: '87c1dd31e3508605e8dfdd933b764cdf') in 0.044458 seconds 
========================================================================
Received Import Request.
  Time since last request: 0.000673 seconds.
  path: Assets/Effects/Textures/Text/blam.png
  artifactKey: Guid(883b00317016df94f8308083d83bfa50) Importer(815301076,1909f56bfc062723c751e8b465ee728b)
Start importing Assets/Effects/Textures/Text/blam.png using Guid(883b00317016df94f8308083d83bfa50) Importer(815301076,1909f56bfc062723c751e8b465ee728b)  -> (artifact id: 'b70393c79adb9cc63ad3405f899beeae') in 0.060032 seconds 
========================================================================
Received Import Request.
  Time since last request: 0.000799 seconds.
  path: Assets/Effects/Textures/sparkle.png
  artifactKey: Guid(42c6cbafef4b45440b6e298646aa1ec5) Importer(815301076,1909f56bfc062723c751e8b465ee728b)
Start importing Assets/Effects/Textures/sparkle.png using Guid(42c6cbafef4b45440b6e298646aa1ec5) Importer(815301076,1909f56bfc062723c751e8b465ee728b)  -> (artifact id: 'c91804ae3fc9d5893132c3e2ffa359db') in 0.039075 seconds 
========================================================================
Received Import Request.
  Time since last request: 0.000237 seconds.
  path: Assets/Demigiant/DemiLib/Core/Editor/Imgs/squareBorderCurvedEmpty.png
  artifactKey: Guid(4578222ee7a511446b0c340551bf8740) Importer(815301076,1909f56bfc062723c751e8b465ee728b)
Start importing Assets/Demigiant/DemiLib/Core/Editor/Imgs/squareBorderCurvedEmpty.png using Guid(4578222ee7a511446b0c340551bf8740) Importer(815301076,1909f56bfc062723c751e8b465ee728b)  -> (artifact id: '8148ce9ff0f124b4ddd7a211ade9998c') in 0.038010 seconds 
========================================================================
Received Import Request.
  Time since last request: 0.000220 seconds.
  path: Assets/Demigiant/DemiLib/Core/Editor/Imgs/squareBorderEmpty.png
  artifactKey: Guid(8db54efcce998554c86b796b37a7cdfa) Importer(815301076,1909f56bfc062723c751e8b465ee728b)
Start importing Assets/Demigiant/DemiLib/Core/Editor/Imgs/squareBorderEmpty.png using Guid(8db54efcce998554c86b796b37a7cdfa) Importer(815301076,1909f56bfc062723c751e8b465ee728b)  -> (artifact id: '7400e968e4a1b70ea1e2695fc2b23ad3') in 0.053721 seconds 
========================================================================
Received Import Request.
  Time since last request: 0.000252 seconds.
  path: Assets/Demigiant/DemiLib/Core/Editor/Imgs/ico_demigiant.png
  artifactKey: Guid(229d0d11465a822449f78a50dbf7104d) Importer(815301076,1909f56bfc062723c751e8b465ee728b)
Start importing Assets/Demigiant/DemiLib/Core/Editor/Imgs/ico_demigiant.png using Guid(229d0d11465a822449f78a50dbf7104d) Importer(815301076,1909f56bfc062723c751e8b465ee728b)  -> (artifact id: '3027b3d12689908c4424de69058bedd1') in 0.019432 seconds 
========================================================================
Received Import Request.
  Time since last request: 0.000251 seconds.
  path: Assets/Effects/Textures/aura_vertical_soft.png
  artifactKey: Guid(93ea19c7d0848ed47806cc339c1b1536) Importer(815301076,1909f56bfc062723c751e8b465ee728b)
Start importing Assets/Effects/Textures/aura_vertical_soft.png using Guid(93ea19c7d0848ed47806cc339c1b1536) Importer(815301076,1909f56bfc062723c751e8b465ee728b)  -> (artifact id: '8c1ca4ae41a9fa80381c8a181fef9fa6') in 0.058099 seconds 
========================================================================
Received Import Request.
  Time since last request: 0.000291 seconds.
  path: Assets/FREE Skyboxes - Terrestrial/SBS Terra 2/Medium/Textures/Back_Terra 2 Medium.png
  artifactKey: Guid(b07a7a5477e99f740bf563274fc46fd7) Importer(815301076,1909f56bfc062723c751e8b465ee728b)
Start importing Assets/FREE Skyboxes - Terrestrial/SBS Terra 2/Medium/Textures/Back_Terra 2 Medium.png using Guid(b07a7a5477e99f740bf563274fc46fd7) Importer(815301076,1909f56bfc062723c751e8b465ee728b)  -> (artifact id: '868486f36e851752d6017d180d4193e5') in 0.221742 seconds 
========================================================================
Received Import Request.
  Time since last request: 0.000254 seconds.
  path: Assets/Effects/Textures/sparkle2.png
  artifactKey: Guid(81c2794b522bc6a4fa81c3ad4900b9c6) Importer(815301076,1909f56bfc062723c751e8b465ee728b)
Start importing Assets/Effects/Textures/sparkle2.png using Guid(81c2794b522bc6a4fa81c3ad4900b9c6) Importer(815301076,1909f56bfc062723c751e8b465ee728b)  -> (artifact id: 'e3d1e39e4728cea115fe25b81f445f56') in 0.037359 seconds 
========================================================================
Received Import Request.
  Time since last request: 0.000256 seconds.
  path: Assets/FREE Skyboxes - Terrestrial/SBS Terra 3/Small/Textures/Back_Terra 3 Small.png
  artifactKey: Guid(adf38825a4690cd4586bf73125987a88) Importer(815301076,1909f56bfc062723c751e8b465ee728b)
Start importing Assets/FREE Skyboxes - Terrestrial/SBS Terra 3/Small/Textures/Back_Terra 3 Small.png using Guid(adf38825a4690cd4586bf73125987a88) Importer(815301076,1909f56bfc062723c751e8b465ee728b)  -> (artifact id: '4902c33f767c0fb878f1160c1ab371e3') in 0.096268 seconds 
========================================================================
Received Import Request.
  Time since last request: 0.000149 seconds.
  path: Assets/FREE Skyboxes - Terrestrial/SBS Terra 5/Medium/Textures/Back_Terra 5 Medium.png
  artifactKey: Guid(3aae2091b9b050c4db14582dd3b2a4ff) Importer(815301076,1909f56bfc062723c751e8b465ee728b)
Start importing Assets/FREE Skyboxes - Terrestrial/SBS Terra 5/Medium/Textures/Back_Terra 5 Medium.png using Guid(3aae2091b9b050c4db14582dd3b2a4ff) Importer(815301076,1909f56bfc062723c751e8b465ee728b)  -> (artifact id: 'dbce5d82cf22c97f8c644d4bbae9ec60') in 0.254603 seconds 
========================================================================
Received Import Request.
  Time since last request: 0.000143 seconds.
  path: Assets/Effects/Textures/aura_vertical.png
  artifactKey: Guid(37d0c694d097ad94195b572b73e527c9) Importer(815301076,1909f56bfc062723c751e8b465ee728b)
Start importing Assets/Effects/Textures/aura_vertical.png using Guid(37d0c694d097ad94195b572b73e527c9) Importer(815301076,1909f56bfc062723c751e8b465ee728b)  -> (artifact id: '619796b3d8b45bd03963a03c6e63e5c6') in 0.036443 seconds 
========================================================================
Received Import Request.
  Time since last request: 0.000224 seconds.
  path: Assets/BOXOPHOBIC/Utils/Editor/Resources/Boxophobic - CategoryMiddle.psd
  artifactKey: Guid(106fc33e3a3dab34f89693e3ed333fa2) Importer(815301076,1909f56bfc062723c751e8b465ee728b)
Start importing Assets/BOXOPHOBIC/Utils/Editor/Resources/Boxophobic - CategoryMiddle.psd using Guid(106fc33e3a3dab34f89693e3ed333fa2) Importer(815301076,1909f56bfc062723c751e8b465ee728b)  -> (artifact id: 'd01d640702e177a9fc61b80fd919ad13') in 0.012077 seconds 
========================================================================
Received Import Request.
  Time since last request: 101.974477 seconds.
  path: Assets/_Assets/Animations/Plane 3/Jet Flame.mat
  artifactKey: Guid(04ef9d8b277f97840837c5a5bd351e30) Importer(815301076,1909f56bfc062723c751e8b465ee728b)
Start importing Assets/_Assets/Animations/Plane 3/Jet Flame.mat using Guid(04ef9d8b277f97840837c5a5bd351e30) Importer(815301076,1909f56bfc062723c751e8b465ee728b)  -> (artifact id: 'fb7f6bc431856e4d4e28e937fa5f05c8') in 0.116669 seconds 
========================================================================
Received Prepare
Registering precompiled user dll's ...
Registered in 0.003796 seconds.
Begin MonoManager ReloadAssembly
Native extension for WindowsStandalone target not found
Refreshing native plugins compatible for Editor in 0.76 ms, found 2 plugins.
Preloading 0 native plugins for Editor in 0.00 ms.
CreateSerializedAsset is not supported while importing out-of-process
UnityEngine.StackTraceUtility:ExtractStackTrace ()
Baracuda.Threading.Editor.DispatcherExecutionOrder:CreateDispatcherCache () (at Assets/Baracuda/Threading/Editor/DispatcherExecutionOrder.cs:100)
Baracuda.Threading.Editor.DispatcherExecutionOrder:LoadDispatcherExecutionOrderAsset () (at Assets/Baracuda/Threading/Editor/DispatcherExecutionOrder.cs:82)
Baracuda.Threading.Editor.DispatcherExecutionOrder:GetDispatcherExecutionOrderAsset () (at Assets/Baracuda/Threading/Editor/DispatcherExecutionOrder.cs:44)
Baracuda.Threading.Editor.DispatcherExecutionOrder:ValidateExecutionOrder () (at Assets/Baracuda/Threading/Editor/DispatcherExecutionOrder.cs:127)
System.Reflection.MonoMethod:Invoke (object,System.Reflection.BindingFlags,System.Reflection.Binder,object[],System.Globalization.CultureInfo)
System.Reflection.MethodBase:Invoke (object,object[])
UnityEditor.EditorAssemblies:ProcessInitializeOnLoadMethodAttributes ()

[Assets/Baracuda/Threading/Editor/DispatcherExecutionOrder.cs line 100]

UnityException: Creating asset at path Assets/Baracuda/Threading/Editor/DispatcherExecutionOrder.asset failed.
  at (wrapper managed-to-native) UnityEditor.AssetDatabase.CreateAsset(UnityEngine.Object,string)
  at Baracuda.Threading.Editor.DispatcherExecutionOrder.CreateDispatcherCache () [0x00016] in D:\Git Repositories\Fly-Through\FlyThrough\Assets\Baracuda\Threading\Editor\DispatcherExecutionOrder.cs:100 
UnityEngine.DebugLogHandler:Internal_LogException(Exception, Object)
UnityEngine.DebugLogHandler:LogException(Exception, Object)
UnityEngine.Logger:LogException(Exception, Object)
UnityEngine.Debug:LogException(Exception)
Baracuda.Threading.Editor.DispatcherExecutionOrder:CreateDispatcherCache() (at Assets\Baracuda\Threading\Editor\DispatcherExecutionOrder.cs:110)
Baracuda.Threading.Editor.DispatcherExecutionOrder:LoadDispatcherExecutionOrderAsset() (at Assets\Baracuda\Threading\Editor\DispatcherExecutionOrder.cs:82)
Baracuda.Threading.Editor.DispatcherExecutionOrder:GetDispatcherExecutionOrderAsset() (at Assets\Baracuda\Threading\Editor\DispatcherExecutionOrder.cs:44)
Baracuda.Threading.Editor.DispatcherExecutionOrder:ValidateExecutionOrder() (at Assets\Baracuda\Threading\Editor\DispatcherExecutionOrder.cs:127)
System.Reflection.MonoMethod:InternalInvoke(Object, Object[], Exception&)
System.Reflection.MonoMethod:Invoke(Object, BindingFlags, Binder, Object[], CultureInfo)
System.Reflection.MethodBase:Invoke(Object, Object[])
UnityEditor.EditorAssemblies:ProcessInitializeOnLoadMethodAttributes()

(Filename: Assets/Baracuda/Threading/Editor/DispatcherExecutionOrder.cs Line: 110)

System.Reflection.TargetInvocationException: Exception has been thrown by the target of an invocation. ---> System.Exception: DispatcherExecutionOrder was not found when calling: GetDispatcherExecutionOrderAsset and cannot be created!
  at Baracuda.Threading.Editor.DispatcherExecutionOrder.LoadDispatcherExecutionOrderAsset () [0x000b0] in D:\Git Repositories\Fly-Through\FlyThrough\Assets\Baracuda\Threading\Editor\DispatcherExecutionOrder.cs:88 
  at Baracuda.Threading.Editor.DispatcherExecutionOrder.GetDispatcherExecutionOrderAsset () [0x00012] in D:\Git Repositories\Fly-Through\FlyThrough\Assets\Baracuda\Threading\Editor\DispatcherExecutionOrder.cs:44 
  at Baracuda.Threading.Editor.DispatcherExecutionOrder.ValidateExecutionOrder () [0x00000] in D:\Git Repositories\Fly-Through\FlyThrough\Assets\Baracuda\Threading\Editor\DispatcherExecutionOrder.cs:127 
  at (wrapper managed-to-native) System.Reflection.MonoMethod.InternalInvoke(System.Reflection.MonoMethod,object,object[],System.Exception&)
  at System.Reflection.MonoMethod.Invoke (System.Object obj, System.Reflection.BindingFlags invokeAttr, System.Reflection.Binder binder, System.Object[] parameters, System.Globalization.CultureInfo culture) [0x00032] in <695d1cc93cca45069c528c15c9fdd749>:0 
   --- End of inner exception stack trace ---
  at System.Reflection.MonoMethod.Invoke (System.Object obj, System.Reflection.BindingFlags invokeAttr, System.Reflection.Binder binder, System.Object[] parameters, System.Globalization.CultureInfo culture) [0x00048] in <695d1cc93cca45069c528c15c9fdd749>:0 
  at System.Reflection.MethodBase.Invoke (System.Object obj, System.Object[] parameters) [0x00000] in <695d1cc93cca45069c528c15c9fdd749>:0 
  at UnityEditor.EditorAssemblies.ProcessInitializeOnLoadMethodAttributes () [0x00047] in <bfe26bbc7be749c7bb22d52435e15888>:0 
UnityEngine.StackTraceUtility:ExtractStackTrace ()
UnityEngine.DebugLogHandler:LogFormat (UnityEngine.LogType,UnityEngine.Object,string,object[])
UnityEngine.Logger:Log (UnityEngine.LogType,object)
UnityEngine.Debug:LogError (object)
UnityEditor.EditorAssemblies:ProcessInitializeOnLoadMethodAttributes ()

Mono: successfully reloaded assembly
- Completed reload, in  1.061 seconds
Domain Reload Profiling:
	ReloadAssembly (1061ms)
		BeginReloadAssembly (116ms)
			ExecutionOrderSort (0ms)
			DisableScriptedObjects (6ms)
			BackupInstance (0ms)
			ReleaseScriptingObjects (0ms)
			CreateAndSetChildDomain (36ms)
		EndReloadAssembly (892ms)
			LoadAssemblies (91ms)
			RebuildTransferFunctionScriptingTraits (0ms)
			SetupTypeCache (289ms)
			ReleaseScriptCaches (1ms)
			RebuildScriptCaches (42ms)
			SetupLoadedEditorAssemblies (333ms)
				LogAssemblyErrors (0ms)
				InitializePlatformSupportModulesInManaged (3ms)
				SetLoadedEditorAssemblies (0ms)
				RefreshPlugins (1ms)
				BeforeProcessingInitializeOnLoad (85ms)
				ProcessInitializeOnLoadAttributes (196ms)
				ProcessInitializeOnLoadMethodAttributes (42ms)
				AfterProcessingInitializeOnLoad (6ms)
				EditorAssembliesLoaded (0ms)
			ExecutionOrderSort2 (0ms)
			AwakeInstancesAfterBackupRestoration (10ms)
Platform modules already initialized, skipping
Switching build target platform(19) subTarget(0) extendedPlatform(0) -> platform(13) subTarget(537395200) extendedPlatform(0)
Refreshing native plugins compatible for Editor in 0.83 ms, found 2 plugins.
Preloading 0 native plugins for Editor in 0.00 ms.
Unloading 3578 Unused Serialized files (Serialized files now loaded: 0)
System memory in use before: 167.7 MB.
System memory in use after: 166.1 MB.

Unloading 35 unused Assets to reduce memory usage. Loaded Objects now: 4396.
Total: 4.654800 ms (FindLiveObjects: 0.298400 ms CreateObjectMapping: 0.169600 ms MarkObjects: 2.878300 ms  DeleteObjects: 1.307800 ms)

AssetImportParameters requested are different than current active one (requested -> active):
  custom:framework-win-MediaFoundation: 216162199b28c13a410421893ffa2e32 -> 
  custom:video-decoder-ogg-theora: a1e56fd34408186e4bbccfd4996cb3dc -> 
  custom:container-muxer-webm: aa71ff27fc2769a1b78a27578f13a17b -> 
  custom:container-demuxer-webm: 4f35f7cbe854078d1ac9338744f61a02 -> 
  custom:container-demuxer-ogg: 62fdf1f143b41e24485cea50d1cbac27 -> 
  custom:video-encoder-webm-vp8: eb34c28f22e8b96e1ab97ce403110664 -> 
  custom:video-decoder-webm-vp8: 9c59270c3fd7afecdb556c50c9e8de78 -> 
  custom:audio-decoder-ogg-vorbis: bf7c407c2cedff20999df2af8eb42d56 -> 
  custom:audio-encoder-webm-vorbis: bf7c407c2cedff20999df2af8eb42d56 -> 
========================================================================
Received Import Request.
  Time since last request: 96.396290 seconds.
  path: Assets/_Assets/Animations/Plane 3/Jet Flame.mat
  artifactKey: Guid(04ef9d8b277f97840837c5a5bd351e30) Importer(815301076,1909f56bfc062723c751e8b465ee728b)
Start importing Assets/_Assets/Animations/Plane 3/Jet Flame.mat using Guid(04ef9d8b277f97840837c5a5bd351e30) Importer(815301076,1909f56bfc062723c751e8b465ee728b)  -> (artifact id: '4e4919323fb06a08ef7007d92e8e944e') in 0.141280 seconds 
========================================================================
Received Prepare
Registering precompiled user dll's ...
Registered in 0.003840 seconds.
Begin MonoManager ReloadAssembly
Native extension for WindowsStandalone target not found
Refreshing native plugins compatible for Editor in 0.88 ms, found 2 plugins.
Preloading 0 native plugins for Editor in 0.00 ms.
Mono: successfully reloaded assembly
- Completed reload, in  1.015 seconds
Domain Reload Profiling:
	ReloadAssembly (1015ms)
		BeginReloadAssembly (113ms)
			ExecutionOrderSort (0ms)
			DisableScriptedObjects (5ms)
			BackupInstance (0ms)
			ReleaseScriptingObjects (0ms)
			CreateAndSetChildDomain (35ms)
		EndReloadAssembly (848ms)
			LoadAssemblies (91ms)
			RebuildTransferFunctionScriptingTraits (0ms)
			SetupTypeCache (273ms)
			ReleaseScriptCaches (1ms)
			RebuildScriptCaches (42ms)
			SetupLoadedEditorAssemblies (299ms)
				LogAssemblyErrors (0ms)
				InitializePlatformSupportModulesInManaged (3ms)
				SetLoadedEditorAssemblies (0ms)
				RefreshPlugins (1ms)
				BeforeProcessingInitializeOnLoad (87ms)
				ProcessInitializeOnLoadAttributes (189ms)
				ProcessInitializeOnLoadMethodAttributes (12ms)
				AfterProcessingInitializeOnLoad (6ms)
				EditorAssembliesLoaded (0ms)
			ExecutionOrderSort2 (0ms)
			AwakeInstancesAfterBackupRestoration (10ms)
Platform modules already initialized, skipping
Switching build target platform(19) subTarget(0) extendedPlatform(0) -> platform(13) subTarget(537395200) extendedPlatform(0)
Refreshing native plugins compatible for Editor in 0.80 ms, found 2 plugins.
Preloading 0 native plugins for Editor in 0.00 ms.
Unloading 3578 Unused Serialized files (Serialized files now loaded: 0)
System memory in use before: 163.6 MB.
System memory in use after: 161.8 MB.

Unloading 35 unused Assets to reduce memory usage. Loaded Objects now: 4435.
Total: 4.518700 ms (FindLiveObjects: 0.299100 ms CreateObjectMapping: 0.171100 ms MarkObjects: 2.737700 ms  DeleteObjects: 1.310100 ms)

AssetImportParameters requested are different than current active one (requested -> active):
  custom:framework-win-MediaFoundation: 216162199b28c13a410421893ffa2e32 -> 
  custom:video-decoder-ogg-theora: a1e56fd34408186e4bbccfd4996cb3dc -> 
  custom:container-muxer-webm: aa71ff27fc2769a1b78a27578f13a17b -> 
  custom:container-demuxer-webm: 4f35f7cbe854078d1ac9338744f61a02 -> 
  custom:container-demuxer-ogg: 62fdf1f143b41e24485cea50d1cbac27 -> 
  custom:video-encoder-webm-vp8: eb34c28f22e8b96e1ab97ce403110664 -> 
  custom:video-decoder-webm-vp8: 9c59270c3fd7afecdb556c50c9e8de78 -> 
  custom:audio-decoder-ogg-vorbis: bf7c407c2cedff20999df2af8eb42d56 -> 
  custom:audio-encoder-webm-vorbis: bf7c407c2cedff20999df2af8eb42d56 -> 
========================================================================
Received Import Request.
  Time since last request: 447.771582 seconds.
  path: Assets/_Assets/Prefabs/Planes/pf_A7 FighterPlane.prefab
  artifactKey: Guid(23c7662680f90b140998c610a99bd433) Importer(815301076,1909f56bfc062723c751e8b465ee728b)
Start importing Assets/_Assets/Prefabs/Planes/pf_A7 FighterPlane.prefab using Guid(23c7662680f90b140998c610a99bd433) Importer(815301076,1909f56bfc062723c751e8b465ee728b)  -> (artifact id: '5d31f87e798629fbdd8c5dd7401e86a2') in 0.158643 seconds 
========================================================================
Received Prepare
Registering precompiled user dll's ...
Registered in 0.003404 seconds.
Begin MonoManager ReloadAssembly
Native extension for WindowsStandalone target not found
Refreshing native plugins compatible for Editor in 0.80 ms, found 2 plugins.
Preloading 0 native plugins for Editor in 0.00 ms.
Mono: successfully reloaded assembly
- Completed reload, in  1.011 seconds
Domain Reload Profiling:
	ReloadAssembly (1011ms)
		BeginReloadAssembly (110ms)
			ExecutionOrderSort (0ms)
			DisableScriptedObjects (6ms)
			BackupInstance (0ms)
			ReleaseScriptingObjects (0ms)
			CreateAndSetChildDomain (33ms)
		EndReloadAssembly (849ms)
			LoadAssemblies (87ms)
			RebuildTransferFunctionScriptingTraits (0ms)
			SetupTypeCache (271ms)
			ReleaseScriptCaches (1ms)
			RebuildScriptCaches (42ms)
			SetupLoadedEditorAssemblies (297ms)
				LogAssemblyErrors (0ms)
				InitializePlatformSupportModulesInManaged (3ms)
				SetLoadedEditorAssemblies (0ms)
				RefreshPlugins (1ms)
				BeforeProcessingInitializeOnLoad (84ms)
				ProcessInitializeOnLoadAttributes (190ms)
				ProcessInitializeOnLoadMethodAttributes (12ms)
				AfterProcessingInitializeOnLoad (6ms)
				EditorAssembliesLoaded (0ms)
			ExecutionOrderSort2 (0ms)
			AwakeInstancesAfterBackupRestoration (11ms)
Platform modules already initialized, skipping
Switching build target platform(19) subTarget(0) extendedPlatform(0) -> platform(13) subTarget(537395200) extendedPlatform(0)
Refreshing native plugins compatible for Editor in 0.79 ms, found 2 plugins.
Preloading 0 native plugins for Editor in 0.00 ms.
Unloading 3578 Unused Serialized files (Serialized files now loaded: 0)
System memory in use before: 163.8 MB.
System memory in use after: 162.0 MB.

Unloading 35 unused Assets to reduce memory usage. Loaded Objects now: 4474.
Total: 4.846800 ms (FindLiveObjects: 0.288100 ms CreateObjectMapping: 0.161100 ms MarkObjects: 3.044100 ms  DeleteObjects: 1.352800 ms)

AssetImportParameters requested are different than current active one (requested -> active):
  custom:framework-win-MediaFoundation: 216162199b28c13a410421893ffa2e32 -> 
  custom:video-decoder-ogg-theora: a1e56fd34408186e4bbccfd4996cb3dc -> 
  custom:container-muxer-webm: aa71ff27fc2769a1b78a27578f13a17b -> 
  custom:container-demuxer-webm: 4f35f7cbe854078d1ac9338744f61a02 -> 
  custom:container-demuxer-ogg: 62fdf1f143b41e24485cea50d1cbac27 -> 
  custom:video-encoder-webm-vp8: eb34c28f22e8b96e1ab97ce403110664 -> 
  custom:video-decoder-webm-vp8: 9c59270c3fd7afecdb556c50c9e8de78 -> 
  custom:audio-decoder-ogg-vorbis: bf7c407c2cedff20999df2af8eb42d56 -> 
  custom:audio-encoder-webm-vorbis: bf7c407c2cedff20999df2af8eb42d56 -> 
========================================================================
Received Prepare
Registering precompiled user dll's ...
Registered in 0.003556 seconds.
Begin MonoManager ReloadAssembly
Native extension for WindowsStandalone target not found
Refreshing native plugins compatible for Editor in 0.79 ms, found 2 plugins.
Preloading 0 native plugins for Editor in 0.00 ms.
Mono: successfully reloaded assembly
- Completed reload, in  0.990 seconds
Domain Reload Profiling:
	ReloadAssembly (990ms)
		BeginReloadAssembly (105ms)
			ExecutionOrderSort (0ms)
			DisableScriptedObjects (4ms)
			BackupInstance (0ms)
			ReleaseScriptingObjects (0ms)
			CreateAndSetChildDomain (31ms)
		EndReloadAssembly (833ms)
			LoadAssemblies (85ms)
			RebuildTransferFunctionScriptingTraits (0ms)
			SetupTypeCache (264ms)
			ReleaseScriptCaches (1ms)
			RebuildScriptCaches (40ms)
			SetupLoadedEditorAssemblies (288ms)
				LogAssemblyErrors (0ms)
				InitializePlatformSupportModulesInManaged (3ms)
				SetLoadedEditorAssemblies (0ms)
				RefreshPlugins (1ms)
				BeforeProcessingInitializeOnLoad (83ms)
				ProcessInitializeOnLoadAttributes (183ms)
				ProcessInitializeOnLoadMethodAttributes (12ms)
				AfterProcessingInitializeOnLoad (6ms)
				EditorAssembliesLoaded (0ms)
			ExecutionOrderSort2 (0ms)
			AwakeInstancesAfterBackupRestoration (12ms)
Platform modules already initialized, skipping
Switching build target platform(19) subTarget(0) extendedPlatform(0) -> platform(13) subTarget(537395200) extendedPlatform(0)
Refreshing native plugins compatible for Editor in 0.78 ms, found 2 plugins.
Preloading 0 native plugins for Editor in 0.00 ms.
Unloading 3578 Unused Serialized files (Serialized files now loaded: 0)
System memory in use before: 163.8 MB.
System memory in use after: 162.1 MB.

Unloading 35 unused Assets to reduce memory usage. Loaded Objects now: 4477.
Total: 4.818700 ms (FindLiveObjects: 0.279400 ms CreateObjectMapping: 0.150700 ms MarkObjects: 3.084600 ms  DeleteObjects: 1.303500 ms)

AssetImportParameters requested are different than current active one (requested -> active):
  custom:framework-win-MediaFoundation: 216162199b28c13a410421893ffa2e32 -> 
  custom:video-decoder-ogg-theora: a1e56fd34408186e4bbccfd4996cb3dc -> 
  custom:container-muxer-webm: aa71ff27fc2769a1b78a27578f13a17b -> 
  custom:container-demuxer-webm: 4f35f7cbe854078d1ac9338744f61a02 -> 
  custom:container-demuxer-ogg: 62fdf1f143b41e24485cea50d1cbac27 -> 
  custom:video-encoder-webm-vp8: eb34c28f22e8b96e1ab97ce403110664 -> 
  custom:video-decoder-webm-vp8: 9c59270c3fd7afecdb556c50c9e8de78 -> 
  custom:audio-decoder-ogg-vorbis: bf7c407c2cedff20999df2af8eb42d56 -> 
  custom:audio-encoder-webm-vorbis: bf7c407c2cedff20999df2af8eb42d56 -> 
AssetImportWorkerClient::OnTransportError - code=2 error=End of file
